<?xml version="1.0" encoding="UTF-8"?>
<testsuite xmlns:xsi="http://www.w3.org/2001/XMLSchema-instance" xsi:noNamespaceSchemaLocation="https://maven.apache.org/surefire/maven-surefire-plugin/xsd/surefire-test-report-3.0.xsd" version="3.0" name="tek.sdet.framework.runner.TestRunner" time="98.107" tests="26" errors="0" skipped="0" failures="0">
  <properties>
[...]
</properties>
  <testcase name="Verify User can update Profile Information" classname="Retail Application Account Feature" time="5.846">
    <system-out><![CDATA[
@CompleteTest @RetailAccountFeatureCompleteTest @RetailAccountFeatureScenario1SmokeTest
Scenario: Verify User can update Profile Information                     # features/RetailAccount.feature:12
 INFO [main] (RetailSteps.java:27)- User is on retail website
 INFO [main] (RetailSteps.java:28)- Actual title React App Equals Expected Ttile React App
  Given User is on retail website                                        # tek.sdet.framework.steps.RetailSteps.userIsOnRetailWebsite()
 INFO [main] (SignInSteps.java:22)- User clicked on Sign In option
  When User click on Sing in option                                      # tek.sdet.framework.steps.SignInSteps.userClickOnSingInOption()
 INFO [main] (SignInSteps.java:30)- User entered email luqmon.hakim@gmail.com and password Lukas002@
  And User enter email 'luqmon.hakim@gmail.com' and password 'Lukas002@' # tek.sdet.framework.steps.SignInSteps.userEnterEmailAndPassword(java.lang.String,java.lang.String)
 INFO [main] (SignInSteps.java:37)- User clicked on login button
  And User click on login button                                         # tek.sdet.framework.steps.SignInSteps.userClickOnLoginButton()
 INFO [main] (SignInSteps.java:44)- User logged in into Account
  And User should be logged in into Account                              # tek.sdet.framework.steps.SignInSteps.userShouldBeLoggedInIntoAccount()
 INFO [main] (RetailAccountSteps.java:21)- User clicked on Account option
  When User click on Account option                                      # tek.sdet.framework.steps.RetailAccountSteps.userClickOnAccountOption()
 INFO [main] (RetailAccountSteps.java:34)- User updated name to Luqmon and phone number to testData
  And User update Name 'Luqmon' and Phone 'testData'                     # tek.sdet.framework.steps.RetailAccountSteps.userUpdateNameAndPhone(java.lang.String,java.lang.String)
 INFO [main] (RetailAccountSteps.java:40)- User clicked on Update Button
  And User click on Update Button                                        # tek.sdet.framework.steps.RetailAccountSteps.userClickOnUpdateButton()
 INFO [main] (RetailAccountSteps.java:47)- Profile information updated succesfully
  Then User profile information should be updated                        # tek.sdet.framework.steps.RetailAccountSteps.userProfileInformationShouldBeUpdated()
]]></system-out>
    <system-err><![CDATA[SLF4J: Failed to load class "org.slf4j.impl.StaticLoggerBinder".
SLF4J: Defaulting to no-operation (NOP) logger implementation
SLF4J: See http://www.slf4j.org/codes.html#StaticLoggerBinder for further details.
ERROR StatusLogger Log4j2 could not find a logging implementation. Please add log4j-core to the classpath. Using SimpleLogger to log to the console...
Starting ChromeDriver 110.0.5481.77 (65ed616c6e8ee3fe0ad64fe83796c020644d42af-refs/branch-heads/5481@{#839}) on port 61297
Only local connections are allowed.
Please see https://chromedriver.chromium.org/security-considerations for suggestions on keeping ChromeDriver safe.
ChromeDriver was started successfully.
[1677119045.896][WARNING]: virtual void DevToolsClientImpl::AddListener(DevToolsEventListener *) subscribing a listener to the already connected DevToolsClient. Connection notification will not arrive.
Feb 22, 2023 6:24:05 PM org.openqa.selenium.remote.ProtocolHandshake createSession
INFO: Detected upstream dialect: W3C
Feb 22, 2023 6:24:06 PM org.openqa.selenium.devtools.CdpVersionFinder findNearestMatch
WARNING: Unable to find an exact match for CDP version 110, so returning the closest version found: a no-op implementation
Feb 22, 2023 6:24:06 PM org.openqa.selenium.devtools.CdpVersionFinder findNearestMatch
INFO: Unable to find CDP implementation matching 110.
Feb 22, 2023 6:24:06 PM org.openqa.selenium.chromium.ChromiumDriver lambda$new$3
WARNING: Unable to find version of CDP to use for . You may need to include a dependency on a specific version of the CDP using something similar to `org.seleniumhq.selenium:selenium-devtools-v86:4.4.0` where the version ("v86") matches the version of the chromium-based browser you're using and the version number of the artifact is the same as Selenium's.
]]></system-err>
  </testcase>
  <testcase name="Verify User can add a payment method" classname="Retail Application Account Feature" time="4.304">
    <system-out><![CDATA[
@CompleteTest @RetailAccountFeatureCompleteTest @RetailAccountFeatureScenario3SmokeTest
Scenario: Verify User can add a payment method                           # features/RetailAccount.feature:33
 INFO [main] (RetailSteps.java:27)- User is on retail website
 INFO [main] (RetailSteps.java:28)- Actual title React App Equals Expected Ttile React App
  Given User is on retail website                                        # tek.sdet.framework.steps.RetailSteps.userIsOnRetailWebsite()
 INFO [main] (SignInSteps.java:22)- User clicked on Sign In option
  When User click on Sing in option                                      # tek.sdet.framework.steps.SignInSteps.userClickOnSingInOption()
 INFO [main] (SignInSteps.java:30)- User entered email luqmon.hakim@gmail.com and password Lukas002@
  And User enter email 'luqmon.hakim@gmail.com' and password 'Lukas002@' # tek.sdet.framework.steps.SignInSteps.userEnterEmailAndPassword(java.lang.String,java.lang.String)
 INFO [main] (SignInSteps.java:37)- User clicked on login button
  And User click on login button                                         # tek.sdet.framework.steps.SignInSteps.userClickOnLoginButton()
 INFO [main] (SignInSteps.java:44)- User logged in into Account
  And User should be logged in into Account                              # tek.sdet.framework.steps.SignInSteps.userShouldBeLoggedInIntoAccount()
 INFO [main] (RetailAccountSteps.java:21)- User clicked on Account option
  When User click on Account option                                      # tek.sdet.framework.steps.RetailAccountSteps.userClickOnAccountOption()
 INFO [main] (RetailAccountSteps.java:83)- User clicked on Add a payment method link
  And User click on Add a payment method link                            # tek.sdet.framework.steps.RetailAccountSteps.userClickOnAddAPaymentMethodLink()
 INFO [main] (RetailAccountSteps.java:96)- User filled up the credit card information
  And User fill Debit or credit card information                         # tek.sdet.framework.steps.RetailAccountSteps.userFillDebitOrCreditCardInformation(io.cucumber.datatable.DataTable)
    | cardNumber       | nameOnCard      | expirationMonth | expirationYear | securityCode |
    | 4647634817091108 | Stephon Wiegand | 7               | 2023           | 677          |
 INFO [main] (RetailAccountSteps.java:102)- User clicked on Add Your card button
  And User click on Add your card button                                 # tek.sdet.framework.steps.RetailAccountSteps.userClickOnAddYourCardButton()
 INFO [main] (RetailAccountSteps.java:77)- Payment Method added sucessfully
  Then a message should be displayed 'Payment Method added sucessfully'  # tek.sdet.framework.steps.RetailAccountSteps.aMessageShouldBeDisplayed(java.lang.String)
]]></system-out>
    <system-err><![CDATA[Starting ChromeDriver 110.0.5481.77 (65ed616c6e8ee3fe0ad64fe83796c020644d42af-refs/branch-heads/5481@{#839}) on port 62831
Only local connections are allowed.
Please see https://chromedriver.chromium.org/security-considerations for suggestions on keeping ChromeDriver safe.
ChromeDriver was started successfully.
[1677119050.197][WARNING]: virtual void DevToolsClientImpl::AddListener(DevToolsEventListener *) subscribing a listener to the already connected DevToolsClient. Connection notification will not arrive.
Feb 22, 2023 6:24:10 PM org.openqa.selenium.remote.ProtocolHandshake createSession
INFO: Detected upstream dialect: W3C
Feb 22, 2023 6:24:10 PM org.openqa.selenium.devtools.CdpVersionFinder findNearestMatch
WARNING: Unable to find an exact match for CDP version 110, so returning the closest version found: a no-op implementation
Feb 22, 2023 6:24:10 PM org.openqa.selenium.devtools.CdpVersionFinder findNearestMatch
INFO: Unable to find CDP implementation matching 110.
Feb 22, 2023 6:24:10 PM org.openqa.selenium.chromium.ChromiumDriver lambda$new$3
WARNING: Unable to find version of CDP to use for . You may need to include a dependency on a specific version of the CDP using something similar to `org.seleniumhq.selenium:selenium-devtools-v86:4.4.0` where the version ("v86") matches the version of the chromium-based browser you're using and the version number of the artifact is the same as Selenium's.
]]></system-err>
  </testcase>
  <testcase name="Verify User can edit Debit or Credit card" classname="Retail Application Account Feature" time="4.562">
    <system-out><![CDATA[
@CompleteTest @RetailAccountFeatureCompleteTest @RetailAccountFeatureScenario4SmokeTest
Scenario: Verify User can edit Debit or Credit card                        # features/RetailAccount.feature:43
 INFO [main] (RetailSteps.java:27)- User is on retail website
 INFO [main] (RetailSteps.java:28)- Actual title React App Equals Expected Ttile React App
  Given User is on retail website                                          # tek.sdet.framework.steps.RetailSteps.userIsOnRetailWebsite()
 INFO [main] (SignInSteps.java:22)- User clicked on Sign In option
  When User click on Sing in option                                        # tek.sdet.framework.steps.SignInSteps.userClickOnSingInOption()
 INFO [main] (SignInSteps.java:30)- User entered email luqmon.hakim@gmail.com and password Lukas002@
  And User enter email 'luqmon.hakim@gmail.com' and password 'Lukas002@'   # tek.sdet.framework.steps.SignInSteps.userEnterEmailAndPassword(java.lang.String,java.lang.String)
 INFO [main] (SignInSteps.java:37)- User clicked on login button
  And User click on login button                                           # tek.sdet.framework.steps.SignInSteps.userClickOnLoginButton()
 INFO [main] (SignInSteps.java:44)- User logged in into Account
  And User should be logged in into Account                                # tek.sdet.framework.steps.SignInSteps.userShouldBeLoggedInIntoAccount()
 INFO [main] (RetailAccountSteps.java:21)- User clicked on Account option
  When User click on Account option                                        # tek.sdet.framework.steps.RetailAccountSteps.userClickOnAccountOption()
 INFO [main] (RetailAccountSteps.java:109)- User selected first card from the list
 INFO [main] (RetailAccountSteps.java:111)- User clicked on Edit button
  And User click on Edit option of card section                            # tek.sdet.framework.steps.RetailAccountSteps.userClickOnEditOptionOfCardSection()
 INFO [main] (RetailAccountSteps.java:127)- User filled up the credit card information
  And user edit information with below data                                # tek.sdet.framework.steps.RetailAccountSteps.userEditInformationWithBelowData(io.cucumber.datatable.DataTable)
    | cardNumber       | nameOnCard   | expirationMonth | expirationYear | securityCode |
    | 4647634817092278 | Luqmon Hakim | 7               | 2025           | 687          |
 INFO [main] (RetailAccountSteps.java:134)- User Clicked on Update Your Card button
  And user click on Update Your Card button                                # tek.sdet.framework.steps.RetailAccountSteps.userClickOnUpdateYourCardButton()
 INFO [main] (RetailAccountSteps.java:77)- Payment Method updated Successfully
  Then a message should be displayed 'Payment Method updated Successfully' # tek.sdet.framework.steps.RetailAccountSteps.aMessageShouldBeDisplayed(java.lang.String)
]]></system-out>
    <system-err><![CDATA[Starting ChromeDriver 110.0.5481.77 (65ed616c6e8ee3fe0ad64fe83796c020644d42af-refs/branch-heads/5481@{#839}) on port 62029
Only local connections are allowed.
Please see https://chromedriver.chromium.org/security-considerations for suggestions on keeping ChromeDriver safe.
ChromeDriver was started successfully.
[1677119054.543][WARNING]: virtual void DevToolsClientImpl::AddListener(DevToolsEventListener *) subscribing a listener to the already connected DevToolsClient. Connection notification will not arrive.
Feb 22, 2023 6:24:14 PM org.openqa.selenium.remote.ProtocolHandshake createSession
INFO: Detected upstream dialect: W3C
Feb 22, 2023 6:24:14 PM org.openqa.selenium.devtools.CdpVersionFinder findNearestMatch
WARNING: Unable to find an exact match for CDP version 110, so returning the closest version found: a no-op implementation
Feb 22, 2023 6:24:14 PM org.openqa.selenium.devtools.CdpVersionFinder findNearestMatch
INFO: Unable to find CDP implementation matching 110.
Feb 22, 2023 6:24:14 PM org.openqa.selenium.chromium.ChromiumDriver lambda$new$3
WARNING: Unable to find version of CDP to use for . You may need to include a dependency on a specific version of the CDP using something similar to `org.seleniumhq.selenium:selenium-devtools-v86:4.4.0` where the version ("v86") matches the version of the chromium-based browser you're using and the version number of the artifact is the same as Selenium's.
]]></system-err>
  </testcase>
  <testcase name="Verify User can remove Debit or Credit card" classname="Retail Application Account Feature" time="3.784">
    <system-out><![CDATA[
@CompleteTest @RetailAccountFeatureCompleteTest @RetailAccountFeatureScenario5SmokeTest
Scenario: Verify User can remove Debit or Credit card                    # features/RetailAccount.feature:53
 INFO [main] (RetailSteps.java:27)- User is on retail website
 INFO [main] (RetailSteps.java:28)- Actual title React App Equals Expected Ttile React App
  Given User is on retail website                                        # tek.sdet.framework.steps.RetailSteps.userIsOnRetailWebsite()
 INFO [main] (SignInSteps.java:22)- User clicked on Sign In option
  When User click on Sing in option                                      # tek.sdet.framework.steps.SignInSteps.userClickOnSingInOption()
 INFO [main] (SignInSteps.java:30)- User entered email luqmon.hakim@gmail.com and password Lukas002@
  And User enter email 'luqmon.hakim@gmail.com' and password 'Lukas002@' # tek.sdet.framework.steps.SignInSteps.userEnterEmailAndPassword(java.lang.String,java.lang.String)
 INFO [main] (SignInSteps.java:37)- User clicked on login button
  And User click on login button                                         # tek.sdet.framework.steps.SignInSteps.userClickOnLoginButton()
 INFO [main] (SignInSteps.java:44)- User logged in into Account
  And User should be logged in into Account                              # tek.sdet.framework.steps.SignInSteps.userShouldBeLoggedInIntoAccount()
 INFO [main] (RetailAccountSteps.java:21)- User clicked on Account option
  When User click on Account option                                      # tek.sdet.framework.steps.RetailAccountSteps.userClickOnAccountOption()
 INFO [main] (RetailAccountSteps.java:140)- User selected first card from the list
 INFO [main] (RetailAccountSteps.java:143)- User clicked on remove button
  And User click on remove option of card section                        # tek.sdet.framework.steps.RetailAccountSteps.userClickOnRemoveOptionOfCardSection()
 INFO [main] (RetailAccountSteps.java:153)- Card removed successfully
  Then payment details should be removed                                 # tek.sdet.framework.steps.RetailAccountSteps.paymentDetailsShouldBeRemoved()
]]></system-out>
    <system-err><![CDATA[Starting ChromeDriver 110.0.5481.77 (65ed616c6e8ee3fe0ad64fe83796c020644d42af-refs/branch-heads/5481@{#839}) on port 52436
Only local connections are allowed.
Please see https://chromedriver.chromium.org/security-considerations for suggestions on keeping ChromeDriver safe.
ChromeDriver was started successfully.
[1677119059.087][WARNING]: virtual void DevToolsClientImpl::AddListener(DevToolsEventListener *) subscribing a listener to the already connected DevToolsClient. Connection notification will not arrive.
Feb 22, 2023 6:24:19 PM org.openqa.selenium.remote.ProtocolHandshake createSession
INFO: Detected upstream dialect: W3C
Feb 22, 2023 6:24:19 PM org.openqa.selenium.devtools.CdpVersionFinder findNearestMatch
WARNING: Unable to find an exact match for CDP version 110, so returning the closest version found: a no-op implementation
Feb 22, 2023 6:24:19 PM org.openqa.selenium.devtools.CdpVersionFinder findNearestMatch
INFO: Unable to find CDP implementation matching 110.
Feb 22, 2023 6:24:19 PM org.openqa.selenium.chromium.ChromiumDriver lambda$new$3
WARNING: Unable to find version of CDP to use for . You may need to include a dependency on a specific version of the CDP using something similar to `org.seleniumhq.selenium:selenium-devtools-v86:4.4.0` where the version ("v86") matches the version of the chromium-based browser you're using and the version number of the artifact is the same as Selenium's.
]]></system-err>
  </testcase>
  <testcase name="Verify User can add an Address" classname="Retail Application Account Feature" time="4.558">
    <system-out><![CDATA[
@CompleteTest @RetailAccountFeatureCompleteTest @RetailAccountFeatureScenario6SmokeTest
Scenario: Verify User can add an Address                                 # features/RetailAccount.feature:59
 INFO [main] (RetailSteps.java:27)- User is on retail website
 INFO [main] (RetailSteps.java:28)- Actual title React App Equals Expected Ttile React App
  Given User is on retail website                                        # tek.sdet.framework.steps.RetailSteps.userIsOnRetailWebsite()
 INFO [main] (SignInSteps.java:22)- User clicked on Sign In option
  When User click on Sing in option                                      # tek.sdet.framework.steps.SignInSteps.userClickOnSingInOption()
 INFO [main] (SignInSteps.java:30)- User entered email luqmon.hakim@gmail.com and password Lukas002@
  And User enter email 'luqmon.hakim@gmail.com' and password 'Lukas002@' # tek.sdet.framework.steps.SignInSteps.userEnterEmailAndPassword(java.lang.String,java.lang.String)
 INFO [main] (SignInSteps.java:37)- User clicked on login button
  And User click on login button                                         # tek.sdet.framework.steps.SignInSteps.userClickOnLoginButton()
 INFO [main] (SignInSteps.java:44)- User logged in into Account
  And User should be logged in into Account                              # tek.sdet.framework.steps.SignInSteps.userShouldBeLoggedInIntoAccount()
 INFO [main] (RetailAccountSteps.java:21)- User clicked on Account option
  When User click on Account option                                      # tek.sdet.framework.steps.RetailAccountSteps.userClickOnAccountOption()
 INFO [main] (RetailAccountSteps.java:159)- User clicked on Add Address option
  And User click on Add address option                                   # tek.sdet.framework.steps.RetailAccountSteps.userClickOnAddAddressOption()
 INFO [main] (RetailAccountSteps.java:180)- User entered new address information
  And user fill new address form with below information                  # tek.sdet.framework.steps.RetailAccountSteps.userFillNewAddressFormWithBelowInformation(io.cucumber.datatable.DataTable)
    | country       | fullName     | phoneNumber | streetAddress | apt | city       | state    | zipCode |
    | United States | Luqmon Hakim | 58640039889 | 2002 D Street | 2   | Southfield | Michigan | 48075   |
 INFO [main] (RetailAccountSteps.java:187)- User clicked on Add Your Address button
  And User click Add Your Address button                                 # tek.sdet.framework.steps.RetailAccountSteps.userClickAddYourAddressButton()
 INFO [main] (RetailAccountSteps.java:77)- Address Added Successfully
  Then a message should be displayed 'Address Added Successfully'        # tek.sdet.framework.steps.RetailAccountSteps.aMessageShouldBeDisplayed(java.lang.String)
]]></system-out>
    <system-err><![CDATA[Starting ChromeDriver 110.0.5481.77 (65ed616c6e8ee3fe0ad64fe83796c020644d42af-refs/branch-heads/5481@{#839}) on port 61490
Only local connections are allowed.
Please see https://chromedriver.chromium.org/security-considerations for suggestions on keeping ChromeDriver safe.
ChromeDriver was started successfully.
[1677119062.782][WARNING]: virtual void DevToolsClientImpl::AddListener(DevToolsEventListener *) subscribing a listener to the already connected DevToolsClient. Connection notification will not arrive.
Feb 22, 2023 6:24:22 PM org.openqa.selenium.remote.ProtocolHandshake createSession
INFO: Detected upstream dialect: W3C
Feb 22, 2023 6:24:22 PM org.openqa.selenium.devtools.CdpVersionFinder findNearestMatch
WARNING: Unable to find an exact match for CDP version 110, so returning the closest version found: a no-op implementation
Feb 22, 2023 6:24:22 PM org.openqa.selenium.devtools.CdpVersionFinder findNearestMatch
INFO: Unable to find CDP implementation matching 110.
Feb 22, 2023 6:24:22 PM org.openqa.selenium.chromium.ChromiumDriver lambda$new$3
WARNING: Unable to find version of CDP to use for . You may need to include a dependency on a specific version of the CDP using something similar to `org.seleniumhq.selenium:selenium-devtools-v86:4.4.0` where the version ("v86") matches the version of the chromium-based browser you're using and the version number of the artifact is the same as Selenium's.
]]></system-err>
  </testcase>
  <testcase name="Verify User can edit an Address added on account" classname="Retail Application Account Feature" time="4.984">
    <system-out><![CDATA[
@CompleteTest @RetailAccountFeatureCompleteTest @RetailAccountFeatureScenario7SmokeTest
Scenario: Verify User can edit an Address added on account               # features/RetailAccount.feature:69
 INFO [main] (RetailSteps.java:27)- User is on retail website
 INFO [main] (RetailSteps.java:28)- Actual title React App Equals Expected Ttile React App
  Given User is on retail website                                        # tek.sdet.framework.steps.RetailSteps.userIsOnRetailWebsite()
 INFO [main] (SignInSteps.java:22)- User clicked on Sign In option
  When User click on Sing in option                                      # tek.sdet.framework.steps.SignInSteps.userClickOnSingInOption()
 INFO [main] (SignInSteps.java:30)- User entered email luqmon.hakim@gmail.com and password Lukas002@
  And User enter email 'luqmon.hakim@gmail.com' and password 'Lukas002@' # tek.sdet.framework.steps.SignInSteps.userEnterEmailAndPassword(java.lang.String,java.lang.String)
 INFO [main] (SignInSteps.java:37)- User clicked on login button
  And User click on login button                                         # tek.sdet.framework.steps.SignInSteps.userClickOnLoginButton()
 INFO [main] (SignInSteps.java:44)- User logged in into Account
  And User should be logged in into Account                              # tek.sdet.framework.steps.SignInSteps.userShouldBeLoggedInIntoAccount()
 INFO [main] (RetailAccountSteps.java:21)- User clicked on Account option
  When User click on Account option                                      # tek.sdet.framework.steps.RetailAccountSteps.userClickOnAccountOption()
 INFO [main] (RetailAccountSteps.java:193)- User clicked on Edit button for last address in list
  And User click on edit address option                                  # tek.sdet.framework.steps.RetailAccountSteps.userClickOnEditAddressOption()
 INFO [main] (RetailAccountSteps.java:180)- User entered new address information
  And user fill new address form with below information                  # tek.sdet.framework.steps.RetailAccountSteps.userFillNewAddressFormWithBelowInformation(io.cucumber.datatable.DataTable)
    | country       | fullName     | phoneNumber | streetAddress | apt | city       | state    | zipCode |
    | United States | Luqmon Hakim | 58640239719 | 2002 D Street | 2   | Southfield | Michigan | 48075   |
 INFO [main] (RetailAccountSteps.java:199)- User clicked on Update Your Address button
  And User click update Your Address button                              # tek.sdet.framework.steps.RetailAccountSteps.userClickUpdateYourAddressButton()
 INFO [main] (RetailAccountSteps.java:77)- Address Updated Successfully
  Then a message should be displayed 'Address Updated Successfully'      # tek.sdet.framework.steps.RetailAccountSteps.aMessageShouldBeDisplayed(java.lang.String)
]]></system-out>
    <system-err><![CDATA[Starting ChromeDriver 110.0.5481.77 (65ed616c6e8ee3fe0ad64fe83796c020644d42af-refs/branch-heads/5481@{#839}) on port 63990
Only local connections are allowed.
Please see https://chromedriver.chromium.org/security-considerations for suggestions on keeping ChromeDriver safe.
ChromeDriver was started successfully.
[1677119067.397][WARNING]: virtual void DevToolsClientImpl::AddListener(DevToolsEventListener *) subscribing a listener to the already connected DevToolsClient. Connection notification will not arrive.
Feb 22, 2023 6:24:27 PM org.openqa.selenium.remote.ProtocolHandshake createSession
INFO: Detected upstream dialect: W3C
Feb 22, 2023 6:24:27 PM org.openqa.selenium.devtools.CdpVersionFinder findNearestMatch
WARNING: Unable to find an exact match for CDP version 110, so returning the closest version found: a no-op implementation
Feb 22, 2023 6:24:27 PM org.openqa.selenium.devtools.CdpVersionFinder findNearestMatch
INFO: Unable to find CDP implementation matching 110.
Feb 22, 2023 6:24:27 PM org.openqa.selenium.chromium.ChromiumDriver lambda$new$3
WARNING: Unable to find version of CDP to use for . You may need to include a dependency on a specific version of the CDP using something similar to `org.seleniumhq.selenium:selenium-devtools-v86:4.4.0` where the version ("v86") matches the version of the chromium-based browser you're using and the version number of the artifact is the same as Selenium's.
]]></system-err>
  </testcase>
  <testcase name="Verify User can remove Address from Account" classname="Retail Application Account Feature" time="3.801">
    <system-out><![CDATA[
@CompleteTest @RetailAccountFeatureCompleteTest @RetailAccountFeatureScenario8SmokeTest
Scenario: Verify User can remove Address from Account                    # features/RetailAccount.feature:79
 INFO [main] (RetailSteps.java:27)- User is on retail website
 INFO [main] (RetailSteps.java:28)- Actual title React App Equals Expected Ttile React App
  Given User is on retail website                                        # tek.sdet.framework.steps.RetailSteps.userIsOnRetailWebsite()
 INFO [main] (SignInSteps.java:22)- User clicked on Sign In option
  When User click on Sing in option                                      # tek.sdet.framework.steps.SignInSteps.userClickOnSingInOption()
 INFO [main] (SignInSteps.java:30)- User entered email luqmon.hakim@gmail.com and password Lukas002@
  And User enter email 'luqmon.hakim@gmail.com' and password 'Lukas002@' # tek.sdet.framework.steps.SignInSteps.userEnterEmailAndPassword(java.lang.String,java.lang.String)
 INFO [main] (SignInSteps.java:37)- User clicked on login button
  And User click on login button                                         # tek.sdet.framework.steps.SignInSteps.userClickOnLoginButton()
 INFO [main] (SignInSteps.java:44)- User logged in into Account
  And User should be logged in into Account                              # tek.sdet.framework.steps.SignInSteps.userShouldBeLoggedInIntoAccount()
 INFO [main] (RetailAccountSteps.java:21)- User clicked on Account option
  When User click on Account option                                      # tek.sdet.framework.steps.RetailAccountSteps.userClickOnAccountOption()
 INFO [main] (RetailAccountSteps.java:208)- User clicked on Remove button on the last address field
  And User click on remove option of Address section                     # tek.sdet.framework.steps.RetailAccountSteps.userClickOnRemoveOptionOfAddressSection()
 INFO [main] (RetailAccountSteps.java:218)- Address detail succesfully removed
  Then Address details should be removed                                 # tek.sdet.framework.steps.RetailAccountSteps.addressDetailsShouldBeRemoved()
]]></system-out>
    <system-err><![CDATA[Starting ChromeDriver 110.0.5481.77 (65ed616c6e8ee3fe0ad64fe83796c020644d42af-refs/branch-heads/5481@{#839}) on port 62045
Only local connections are allowed.
Please see https://chromedriver.chromium.org/security-considerations for suggestions on keeping ChromeDriver safe.
ChromeDriver was started successfully.
[1677119072.365][WARNING]: virtual void DevToolsClientImpl::AddListener(DevToolsEventListener *) subscribing a listener to the already connected DevToolsClient. Connection notification will not arrive.
Feb 22, 2023 6:24:32 PM org.openqa.selenium.remote.ProtocolHandshake createSession
INFO: Detected upstream dialect: W3C
Feb 22, 2023 6:24:32 PM org.openqa.selenium.devtools.CdpVersionFinder findNearestMatch
WARNING: Unable to find an exact match for CDP version 110, so returning the closest version found: a no-op implementation
Feb 22, 2023 6:24:32 PM org.openqa.selenium.devtools.CdpVersionFinder findNearestMatch
INFO: Unable to find CDP implementation matching 110.
Feb 22, 2023 6:24:32 PM org.openqa.selenium.chromium.ChromiumDriver lambda$new$3
WARNING: Unable to find version of CDP to use for . You may need to include a dependency on a specific version of the CDP using something similar to `org.seleniumhq.selenium:selenium-devtools-v86:4.4.0` where the version ("v86") matches the version of the chromium-based browser you're using and the version number of the artifact is the same as Selenium's.
]]></system-err>
  </testcase>
  <testcase name="Verify User can Update password #1" classname="Retail Application Account Password Update Feature" time="4.118">
    <system-out><![CDATA[
@RetailAccountFeatureScenario2SmokeTest @RetailAccountFeatureCompleteTest @CompleteTest
Scenario Outline: Verify User can Update password                        # features/RetailAccountUpdatePassword.feature:19
 INFO [main] (RetailSteps.java:27)- User is on retail website
 INFO [main] (RetailSteps.java:28)- Actual title React App Equals Expected Ttile React App
  Given User is on retail website                                        # tek.sdet.framework.steps.RetailSteps.userIsOnRetailWebsite()
 INFO [main] (SignInSteps.java:22)- User clicked on Sign In option
  When User click on Sing in option                                      # tek.sdet.framework.steps.SignInSteps.userClickOnSingInOption()
 INFO [main] (SignInSteps.java:30)- User entered email luqmon.hakim@gmail.com and password Lukas002@
  And User enter email 'luqmon.hakim@gmail.com' and password 'Lukas002@' # tek.sdet.framework.steps.SignInSteps.userEnterEmailAndPassword(java.lang.String,java.lang.String)
 INFO [main] (SignInSteps.java:37)- User clicked on login button
  And User click on login button                                         # tek.sdet.framework.steps.SignInSteps.userClickOnLoginButton()
 INFO [main] (SignInSteps.java:44)- User logged in into Account
  And User should be logged in into Account                              # tek.sdet.framework.steps.SignInSteps.userShouldBeLoggedInIntoAccount()
 INFO [main] (RetailAccountSteps.java:21)- User clicked on Account option
  When User click on Account option                                      # tek.sdet.framework.steps.RetailAccountSteps.userClickOnAccountOption()
 INFO [main] (RetailAccountSteps.java:59)- User entered old password 'Lukas002@' and new password 'Lukas001@' and confirm password 'Lukas001@
  And User enter below information                                       # tek.sdet.framework.steps.RetailAccountSteps.userEnterBelowInformation(io.cucumber.datatable.DataTable)
    | previousPassword | newPassword | confirmPassword |
    | Lukas002@        | Lukas001@   | Lukas001@       |
 INFO [main] (RetailAccountSteps.java:68)- User clicked on Change Password
  And User click on Change Password button                               # tek.sdet.framework.steps.RetailAccountSteps.userClickOnChangePasswordButton()
 INFO [main] (RetailAccountSteps.java:77)- Password Updated Successfully
  Then a message should be displayed 'Password Updated Successfully'     # tek.sdet.framework.steps.RetailAccountSteps.aMessageShouldBeDisplayed(java.lang.String)
]]></system-out>
    <system-err><![CDATA[Starting ChromeDriver 110.0.5481.77 (65ed616c6e8ee3fe0ad64fe83796c020644d42af-refs/branch-heads/5481@{#839}) on port 64433
Only local connections are allowed.
Please see https://chromedriver.chromium.org/security-considerations for suggestions on keeping ChromeDriver safe.
ChromeDriver was started successfully.
[1677119076.107][WARNING]: virtual void DevToolsClientImpl::AddListener(DevToolsEventListener *) subscribing a listener to the already connected DevToolsClient. Connection notification will not arrive.
Feb 22, 2023 6:24:36 PM org.openqa.selenium.remote.ProtocolHandshake createSession
INFO: Detected upstream dialect: W3C
Feb 22, 2023 6:24:36 PM org.openqa.selenium.devtools.CdpVersionFinder findNearestMatch
WARNING: Unable to find an exact match for CDP version 110, so returning the closest version found: a no-op implementation
Feb 22, 2023 6:24:36 PM org.openqa.selenium.devtools.CdpVersionFinder findNearestMatch
INFO: Unable to find CDP implementation matching 110.
Feb 22, 2023 6:24:36 PM org.openqa.selenium.chromium.ChromiumDriver lambda$new$3
WARNING: Unable to find version of CDP to use for . You may need to include a dependency on a specific version of the CDP using something similar to `org.seleniumhq.selenium:selenium-devtools-v86:4.4.0` where the version ("v86") matches the version of the chromium-based browser you're using and the version number of the artifact is the same as Selenium's.
]]></system-err>
  </testcase>
  <testcase name="Verify User can Update password #2" classname="Retail Application Account Password Update Feature" time="4.219">
    <system-out><![CDATA[
@RetailAccountFeatureScenario2SmokeTest @RetailAccountFeatureCompleteTest @CompleteTest
Scenario Outline: Verify User can Update password                        # features/RetailAccountUpdatePassword.feature:20
 INFO [main] (RetailSteps.java:27)- User is on retail website
 INFO [main] (RetailSteps.java:28)- Actual title React App Equals Expected Ttile React App
  Given User is on retail website                                        # tek.sdet.framework.steps.RetailSteps.userIsOnRetailWebsite()
 INFO [main] (SignInSteps.java:22)- User clicked on Sign In option
  When User click on Sing in option                                      # tek.sdet.framework.steps.SignInSteps.userClickOnSingInOption()
 INFO [main] (SignInSteps.java:30)- User entered email luqmon.hakim@gmail.com and password Lukas001@
  And User enter email 'luqmon.hakim@gmail.com' and password 'Lukas001@' # tek.sdet.framework.steps.SignInSteps.userEnterEmailAndPassword(java.lang.String,java.lang.String)
 INFO [main] (SignInSteps.java:37)- User clicked on login button
  And User click on login button                                         # tek.sdet.framework.steps.SignInSteps.userClickOnLoginButton()
 INFO [main] (SignInSteps.java:44)- User logged in into Account
  And User should be logged in into Account                              # tek.sdet.framework.steps.SignInSteps.userShouldBeLoggedInIntoAccount()
 INFO [main] (RetailAccountSteps.java:21)- User clicked on Account option
  When User click on Account option                                      # tek.sdet.framework.steps.RetailAccountSteps.userClickOnAccountOption()
 INFO [main] (RetailAccountSteps.java:59)- User entered old password 'Lukas001@' and new password 'Lukas002@' and confirm password 'Lukas002@
  And User enter below information                                       # tek.sdet.framework.steps.RetailAccountSteps.userEnterBelowInformation(io.cucumber.datatable.DataTable)
    | previousPassword | newPassword | confirmPassword |
    | Lukas001@        | Lukas002@   | Lukas002@       |
 INFO [main] (RetailAccountSteps.java:68)- User clicked on Change Password
  And User click on Change Password button                               # tek.sdet.framework.steps.RetailAccountSteps.userClickOnChangePasswordButton()
 INFO [main] (RetailAccountSteps.java:77)- Password Updated Successfully
  Then a message should be displayed 'Password Updated Successfully'     # tek.sdet.framework.steps.RetailAccountSteps.aMessageShouldBeDisplayed(java.lang.String)
]]></system-out>
    <system-err><![CDATA[Starting ChromeDriver 110.0.5481.77 (65ed616c6e8ee3fe0ad64fe83796c020644d42af-refs/branch-heads/5481@{#839}) on port 58092
Only local connections are allowed.
Please see https://chromedriver.chromium.org/security-considerations for suggestions on keeping ChromeDriver safe.
ChromeDriver was started successfully.
[1677119080.288][WARNING]: virtual void DevToolsClientImpl::AddListener(DevToolsEventListener *) subscribing a listener to the already connected DevToolsClient. Connection notification will not arrive.
Feb 22, 2023 6:24:40 PM org.openqa.selenium.remote.ProtocolHandshake createSession
INFO: Detected upstream dialect: W3C
Feb 22, 2023 6:24:40 PM org.openqa.selenium.devtools.CdpVersionFinder findNearestMatch
WARNING: Unable to find an exact match for CDP version 110, so returning the closest version found: a no-op implementation
Feb 22, 2023 6:24:40 PM org.openqa.selenium.devtools.CdpVersionFinder findNearestMatch
INFO: Unable to find CDP implementation matching 110.
Feb 22, 2023 6:24:40 PM org.openqa.selenium.chromium.ChromiumDriver lambda$new$3
WARNING: Unable to find version of CDP to use for . You may need to include a dependency on a specific version of the CDP using something similar to `org.seleniumhq.selenium:selenium-devtools-v86:4.4.0` where the version ("v86") matches the version of the chromium-based browser you're using and the version number of the artifact is the same as Selenium's.
]]></system-err>
  </testcase>
  <testcase name="Verify user can search a product" classname="This feature is use for testing UI of Retail page" time="2.441">
    <system-out><![CDATA[
@CompleteTest @RetailHomePageFeatureCompleteTest @RetailHomePageFeatureScenario1Test
Scenario: Verify user can search a product # features/RetailHome.feature:8
 INFO [main] (RetailSteps.java:27)- User is on retail website
 INFO [main] (RetailSteps.java:28)- Actual title React App Equals Expected Ttile React App
  Given User is on retail website          # tek.sdet.framework.steps.RetailSteps.userIsOnRetailWebsite()
 INFO [main] (RetailSteps.java:35)- User searched for product pokemon
  When User search for "pokemon" product   # tek.sdet.framework.steps.RetailSteps.userSearchForProduct(java.lang.String)
 INFO [main] (RetailSteps.java:41)- The product is displayed on the HomePage
  Then The product should be displayed     # tek.sdet.framework.steps.RetailSteps.theProductShouldBeDisplayed()
]]></system-out>
    <system-err><![CDATA[Starting ChromeDriver 110.0.5481.77 (65ed616c6e8ee3fe0ad64fe83796c020644d42af-refs/branch-heads/5481@{#839}) on port 65052
Only local connections are allowed.
Please see https://chromedriver.chromium.org/security-considerations for suggestions on keeping ChromeDriver safe.
ChromeDriver was started successfully.
[1677119084.506][WARNING]: virtual void DevToolsClientImpl::AddListener(DevToolsEventListener *) subscribing a listener to the already connected DevToolsClient. Connection notification will not arrive.
Feb 22, 2023 6:24:44 PM org.openqa.selenium.remote.ProtocolHandshake createSession
INFO: Detected upstream dialect: W3C
Feb 22, 2023 6:24:44 PM org.openqa.selenium.devtools.CdpVersionFinder findNearestMatch
WARNING: Unable to find an exact match for CDP version 110, so returning the closest version found: a no-op implementation
Feb 22, 2023 6:24:44 PM org.openqa.selenium.devtools.CdpVersionFinder findNearestMatch
INFO: Unable to find CDP implementation matching 110.
Feb 22, 2023 6:24:44 PM org.openqa.selenium.chromium.ChromiumDriver lambda$new$3
WARNING: Unable to find version of CDP to use for . You may need to include a dependency on a specific version of the CDP using something similar to `org.seleniumhq.selenium:selenium-devtools-v86:4.4.0` where the version ("v86") matches the version of the chromium-based browser you're using and the version number of the artifact is the same as Selenium's.
]]></system-err>
  </testcase>
  <testcase name="Verify Shop by Department sidebar" classname="This feature is use for testing UI of Retail page" time="2.3">
    <system-out><![CDATA[
@CompleteTest @RetailHomePageFeatureCompleteTest @RetailHomePageFeatureScenario2Test
Scenario: Verify Shop by Department sidebar                    # features/RetailHome.feature:13
 INFO [main] (RetailSteps.java:27)- User is on retail website
 INFO [main] (RetailSteps.java:28)- Actual title React App Equals Expected Ttile React App
  Given User is on retail website                              # tek.sdet.framework.steps.RetailSteps.userIsOnRetailWebsite()
 INFO [main] (RetailSteps.java:47)- User clicked on All section
  When User click on All section                               # tek.sdet.framework.steps.RetailSteps.userClickOnAllSection()
 INFO [main] (RetailSteps.java:59)- expected Electronics is equal to actual Electronics
 INFO [main] (RetailSteps.java:59)- expected Computers is equal to actual Computers
 INFO [main] (RetailSteps.java:59)- expected Smart Home is equal to actual Smart Home
 INFO [main] (RetailSteps.java:59)- expected Sports is equal to actual Sports
 INFO [main] (RetailSteps.java:59)- expected Automative is equal to actual Automative
  Then below options are present in Shop by Department sidebar # tek.sdet.framework.steps.RetailSteps.belowOptionsArePresentInShopByDepartmentSidebar(io.cucumber.datatable.DataTable)
    | Electronics | Computers | Smart Home | Sports | Automative |
]]></system-out>
    <system-err><![CDATA[Starting ChromeDriver 110.0.5481.77 (65ed616c6e8ee3fe0ad64fe83796c020644d42af-refs/branch-heads/5481@{#839}) on port 63622
Only local connections are allowed.
Please see https://chromedriver.chromium.org/security-considerations for suggestions on keeping ChromeDriver safe.
ChromeDriver was started successfully.
[1677119086.980][WARNING]: virtual void DevToolsClientImpl::AddListener(DevToolsEventListener *) subscribing a listener to the already connected DevToolsClient. Connection notification will not arrive.
Feb 22, 2023 6:24:46 PM org.openqa.selenium.remote.ProtocolHandshake createSession
INFO: Detected upstream dialect: W3C
Feb 22, 2023 6:24:46 PM org.openqa.selenium.devtools.CdpVersionFinder findNearestMatch
WARNING: Unable to find an exact match for CDP version 110, so returning the closest version found: a no-op implementation
Feb 22, 2023 6:24:46 PM org.openqa.selenium.devtools.CdpVersionFinder findNearestMatch
INFO: Unable to find CDP implementation matching 110.
Feb 22, 2023 6:24:46 PM org.openqa.selenium.chromium.ChromiumDriver lambda$new$3
WARNING: Unable to find version of CDP to use for . You may need to include a dependency on a specific version of the CDP using something similar to `org.seleniumhq.selenium:selenium-devtools-v86:4.4.0` where the version ("v86") matches the version of the chromium-based browser you're using and the version number of the artifact is the same as Selenium's.
]]></system-err>
  </testcase>
  <testcase name="Verify department sidebar options #1" classname="This feature is use for testing UI of Retail page" time="2.328">
    <system-out><![CDATA[
@CompleteTest @RetailHomePageFeatureCompleteTest @RetailHomePageFeatureScenario3Test
Scenario Outline: Verify department sidebar options # features/RetailHome.feature:27
 INFO [main] (RetailSteps.java:27)- User is on retail website
 INFO [main] (RetailSteps.java:28)- Actual title React App Equals Expected Ttile React App
  Given User is on retail website                   # tek.sdet.framework.steps.RetailSteps.userIsOnRetailWebsite()
 INFO [main] (RetailSteps.java:47)- User clicked on All section
  When User click on All section                    # tek.sdet.framework.steps.RetailSteps.userClickOnAllSection()
 INFO [main] (RetailSteps.java:90)- User clicked on Electronics sidebar option
  And User on 'Electronics'                         # tek.sdet.framework.steps.RetailSteps.userOn(java.lang.String)
 INFO [main] (RetailSteps.java:109)- Department TV & Video is present
 INFO [main] (RetailSteps.java:109)- Department Video Games is present
  Then below options are present in department      # tek.sdet.framework.steps.RetailSteps.belowOptionsArePresentInDepartment(io.cucumber.datatable.DataTable)
    | TV & Video | Video Games |
]]></system-out>
    <system-err><![CDATA[Starting ChromeDriver 110.0.5481.77 (65ed616c6e8ee3fe0ad64fe83796c020644d42af-refs/branch-heads/5481@{#839}) on port 54103
Only local connections are allowed.
Please see https://chromedriver.chromium.org/security-considerations for suggestions on keeping ChromeDriver safe.
ChromeDriver was started successfully.
[1677119089.269][WARNING]: virtual void DevToolsClientImpl::AddListener(DevToolsEventListener *) subscribing a listener to the already connected DevToolsClient. Connection notification will not arrive.
Feb 22, 2023 6:24:49 PM org.openqa.selenium.remote.ProtocolHandshake createSession
INFO: Detected upstream dialect: W3C
Feb 22, 2023 6:24:49 PM org.openqa.selenium.devtools.CdpVersionFinder findNearestMatch
WARNING: Unable to find an exact match for CDP version 110, so returning the closest version found: a no-op implementation
Feb 22, 2023 6:24:49 PM org.openqa.selenium.devtools.CdpVersionFinder findNearestMatch
INFO: Unable to find CDP implementation matching 110.
Feb 22, 2023 6:24:49 PM org.openqa.selenium.chromium.ChromiumDriver lambda$new$3
WARNING: Unable to find version of CDP to use for . You may need to include a dependency on a specific version of the CDP using something similar to `org.seleniumhq.selenium:selenium-devtools-v86:4.4.0` where the version ("v86") matches the version of the chromium-based browser you're using and the version number of the artifact is the same as Selenium's.
]]></system-err>
  </testcase>
  <testcase name="Verify department sidebar options #2" classname="This feature is use for testing UI of Retail page" time="2.374">
    <system-out><![CDATA[
@CompleteTest @RetailHomePageFeatureCompleteTest @RetailHomePageFeatureScenario3Test
Scenario Outline: Verify department sidebar options # features/RetailHome.feature:28
 INFO [main] (RetailSteps.java:27)- User is on retail website
 INFO [main] (RetailSteps.java:28)- Actual title React App Equals Expected Ttile React App
  Given User is on retail website                   # tek.sdet.framework.steps.RetailSteps.userIsOnRetailWebsite()
 INFO [main] (RetailSteps.java:47)- User clicked on All section
  When User click on All section                    # tek.sdet.framework.steps.RetailSteps.userClickOnAllSection()
 INFO [main] (RetailSteps.java:90)- User clicked on Computers sidebar option
  And User on 'Computers'                           # tek.sdet.framework.steps.RetailSteps.userOn(java.lang.String)
 INFO [main] (RetailSteps.java:109)- Department Accessories is present
 INFO [main] (RetailSteps.java:109)- Department Networking is present
  Then below options are present in department      # tek.sdet.framework.steps.RetailSteps.belowOptionsArePresentInDepartment(io.cucumber.datatable.DataTable)
    | Accessories | Networking |
]]></system-out>
    <system-err><![CDATA[Starting ChromeDriver 110.0.5481.77 (65ed616c6e8ee3fe0ad64fe83796c020644d42af-refs/branch-heads/5481@{#839}) on port 50697
Only local connections are allowed.
Please see https://chromedriver.chromium.org/security-considerations for suggestions on keeping ChromeDriver safe.
ChromeDriver was started successfully.
[1677119091.572][WARNING]: virtual void DevToolsClientImpl::AddListener(DevToolsEventListener *) subscribing a listener to the already connected DevToolsClient. Connection notification will not arrive.
Feb 22, 2023 6:24:51 PM org.openqa.selenium.remote.ProtocolHandshake createSession
INFO: Detected upstream dialect: W3C
Feb 22, 2023 6:24:51 PM org.openqa.selenium.devtools.CdpVersionFinder findNearestMatch
WARNING: Unable to find an exact match for CDP version 110, so returning the closest version found: a no-op implementation
Feb 22, 2023 6:24:51 PM org.openqa.selenium.devtools.CdpVersionFinder findNearestMatch
INFO: Unable to find CDP implementation matching 110.
Feb 22, 2023 6:24:51 PM org.openqa.selenium.chromium.ChromiumDriver lambda$new$3
WARNING: Unable to find version of CDP to use for . You may need to include a dependency on a specific version of the CDP using something similar to `org.seleniumhq.selenium:selenium-devtools-v86:4.4.0` where the version ("v86") matches the version of the chromium-based browser you're using and the version number of the artifact is the same as Selenium's.
]]></system-err>
  </testcase>
  <testcase name="Verify department sidebar options #3" classname="This feature is use for testing UI of Retail page" time="2.466">
    <system-out><![CDATA[
@CompleteTest @RetailHomePageFeatureCompleteTest @RetailHomePageFeatureScenario3Test
Scenario Outline: Verify department sidebar options # features/RetailHome.feature:29
 INFO [main] (RetailSteps.java:27)- User is on retail website
 INFO [main] (RetailSteps.java:28)- Actual title React App Equals Expected Ttile React App
  Given User is on retail website                   # tek.sdet.framework.steps.RetailSteps.userIsOnRetailWebsite()
 INFO [main] (RetailSteps.java:47)- User clicked on All section
  When User click on All section                    # tek.sdet.framework.steps.RetailSteps.userClickOnAllSection()
 INFO [main] (RetailSteps.java:90)- User clicked on Smart Home sidebar option
  And User on 'Smart Home'                          # tek.sdet.framework.steps.RetailSteps.userOn(java.lang.String)
 INFO [main] (RetailSteps.java:109)- Department Smart Home Lightning is present
 INFO [main] (RetailSteps.java:109)- Department Plugs and Outlets is present
  Then below options are present in department      # tek.sdet.framework.steps.RetailSteps.belowOptionsArePresentInDepartment(io.cucumber.datatable.DataTable)
    | Smart Home Lightning | Plugs and Outlets |
]]></system-out>
    <system-err><![CDATA[Starting ChromeDriver 110.0.5481.77 (65ed616c6e8ee3fe0ad64fe83796c020644d42af-refs/branch-heads/5481@{#839}) on port 64829
Only local connections are allowed.
Please see https://chromedriver.chromium.org/security-considerations for suggestions on keeping ChromeDriver safe.
ChromeDriver was started successfully.
[1677119093.950][WARNING]: virtual void DevToolsClientImpl::AddListener(DevToolsEventListener *) subscribing a listener to the already connected DevToolsClient. Connection notification will not arrive.
Feb 22, 2023 6:24:53 PM org.openqa.selenium.remote.ProtocolHandshake createSession
INFO: Detected upstream dialect: W3C
Feb 22, 2023 6:24:53 PM org.openqa.selenium.devtools.CdpVersionFinder findNearestMatch
WARNING: Unable to find an exact match for CDP version 110, so returning the closest version found: a no-op implementation
Feb 22, 2023 6:24:53 PM org.openqa.selenium.devtools.CdpVersionFinder findNearestMatch
INFO: Unable to find CDP implementation matching 110.
Feb 22, 2023 6:24:53 PM org.openqa.selenium.chromium.ChromiumDriver lambda$new$3
WARNING: Unable to find version of CDP to use for . You may need to include a dependency on a specific version of the CDP using something similar to `org.seleniumhq.selenium:selenium-devtools-v86:4.4.0` where the version ("v86") matches the version of the chromium-based browser you're using and the version number of the artifact is the same as Selenium's.
]]></system-err>
  </testcase>
  <testcase name="Verify department sidebar options #4" classname="This feature is use for testing UI of Retail page" time="2.27">
    <system-out><![CDATA[
@CompleteTest @RetailHomePageFeatureCompleteTest @RetailHomePageFeatureScenario3Test
Scenario Outline: Verify department sidebar options # features/RetailHome.feature:30
 INFO [main] (RetailSteps.java:27)- User is on retail website
 INFO [main] (RetailSteps.java:28)- Actual title React App Equals Expected Ttile React App
  Given User is on retail website                   # tek.sdet.framework.steps.RetailSteps.userIsOnRetailWebsite()
 INFO [main] (RetailSteps.java:47)- User clicked on All section
  When User click on All section                    # tek.sdet.framework.steps.RetailSteps.userClickOnAllSection()
 INFO [main] (RetailSteps.java:90)- User clicked on Sports sidebar option
  And User on 'Sports'                              # tek.sdet.framework.steps.RetailSteps.userOn(java.lang.String)
 INFO [main] (RetailSteps.java:109)- Department Athletic Clothing is present
 INFO [main] (RetailSteps.java:109)- Department Exercise & Fitness is present
  Then below options are present in department      # tek.sdet.framework.steps.RetailSteps.belowOptionsArePresentInDepartment(io.cucumber.datatable.DataTable)
    | Athletic Clothing | Exercise & Fitness |
]]></system-out>
    <system-err><![CDATA[Starting ChromeDriver 110.0.5481.77 (65ed616c6e8ee3fe0ad64fe83796c020644d42af-refs/branch-heads/5481@{#839}) on port 60254
Only local connections are allowed.
Please see https://chromedriver.chromium.org/security-considerations for suggestions on keeping ChromeDriver safe.
ChromeDriver was started successfully.
[1677119096.444][WARNING]: virtual void DevToolsClientImpl::AddListener(DevToolsEventListener *) subscribing a listener to the already connected DevToolsClient. Connection notification will not arrive.
Feb 22, 2023 6:24:56 PM org.openqa.selenium.remote.ProtocolHandshake createSession
INFO: Detected upstream dialect: W3C
Feb 22, 2023 6:24:56 PM org.openqa.selenium.devtools.CdpVersionFinder findNearestMatch
WARNING: Unable to find an exact match for CDP version 110, so returning the closest version found: a no-op implementation
Feb 22, 2023 6:24:56 PM org.openqa.selenium.devtools.CdpVersionFinder findNearestMatch
INFO: Unable to find CDP implementation matching 110.
Feb 22, 2023 6:24:56 PM org.openqa.selenium.chromium.ChromiumDriver lambda$new$3
WARNING: Unable to find version of CDP to use for . You may need to include a dependency on a specific version of the CDP using something similar to `org.seleniumhq.selenium:selenium-devtools-v86:4.4.0` where the version ("v86") matches the version of the chromium-based browser you're using and the version number of the artifact is the same as Selenium's.
]]></system-err>
  </testcase>
  <testcase name="Verify department sidebar options #5" classname="This feature is use for testing UI of Retail page" time="2.253">
    <system-out><![CDATA[
@CompleteTest @RetailHomePageFeatureCompleteTest @RetailHomePageFeatureScenario3Test
Scenario Outline: Verify department sidebar options # features/RetailHome.feature:31
 INFO [main] (RetailSteps.java:27)- User is on retail website
 INFO [main] (RetailSteps.java:28)- Actual title React App Equals Expected Ttile React App
  Given User is on retail website                   # tek.sdet.framework.steps.RetailSteps.userIsOnRetailWebsite()
 INFO [main] (RetailSteps.java:47)- User clicked on All section
  When User click on All section                    # tek.sdet.framework.steps.RetailSteps.userClickOnAllSection()
 INFO [main] (RetailSteps.java:90)- User clicked on Automative sidebar option
  And User on 'Automative'                          # tek.sdet.framework.steps.RetailSteps.userOn(java.lang.String)
 INFO [main] (RetailSteps.java:109)- Department Automative Parts & Accessories is present
 INFO [main] (RetailSteps.java:109)- Department MotorCycle & Powersports is present
  Then below options are present in department      # tek.sdet.framework.steps.RetailSteps.belowOptionsArePresentInDepartment(io.cucumber.datatable.DataTable)
    | Automative Parts & Accessories | MotorCycle & Powersports |
]]></system-out>
    <system-err><![CDATA[Starting ChromeDriver 110.0.5481.77 (65ed616c6e8ee3fe0ad64fe83796c020644d42af-refs/branch-heads/5481@{#839}) on port 58688
Only local connections are allowed.
Please see https://chromedriver.chromium.org/security-considerations for suggestions on keeping ChromeDriver safe.
ChromeDriver was started successfully.
[1677119098.685][WARNING]: virtual void DevToolsClientImpl::AddListener(DevToolsEventListener *) subscribing a listener to the already connected DevToolsClient. Connection notification will not arrive.
Feb 22, 2023 6:24:58 PM org.openqa.selenium.remote.ProtocolHandshake createSession
INFO: Detected upstream dialect: W3C
Feb 22, 2023 6:24:58 PM org.openqa.selenium.devtools.CdpVersionFinder findNearestMatch
WARNING: Unable to find an exact match for CDP version 110, so returning the closest version found: a no-op implementation
Feb 22, 2023 6:24:58 PM org.openqa.selenium.devtools.CdpVersionFinder findNearestMatch
INFO: Unable to find CDP implementation matching 110.
Feb 22, 2023 6:24:58 PM org.openqa.selenium.chromium.ChromiumDriver lambda$new$3
WARNING: Unable to find version of CDP to use for . You may need to include a dependency on a specific version of the CDP using something similar to `org.seleniumhq.selenium:selenium-devtools-v86:4.4.0` where the version ("v86") matches the version of the chromium-based browser you're using and the version number of the artifact is the same as Selenium's.
]]></system-err>
  </testcase>
  <testcase name="Verify User can add an item to cart" classname="This feature is use for testing UI of Retail page" time="3.996">
    <system-out><![CDATA[
@CompleteTest @RetailHomePageFeatureCompleteTest @RetailHomePageFeatureScenario4Test
Scenario: Verify User can add an item to cart                            # features/RetailHome.feature:34
 INFO [main] (RetailSteps.java:27)- User is on retail website
 INFO [main] (RetailSteps.java:28)- Actual title React App Equals Expected Ttile React App
  Given User is on retail website                                        # tek.sdet.framework.steps.RetailSteps.userIsOnRetailWebsite()
 INFO [main] (SignInSteps.java:22)- User clicked on Sign In option
  When User click on Sing in option                                      # tek.sdet.framework.steps.SignInSteps.userClickOnSingInOption()
 INFO [main] (SignInSteps.java:30)- User entered email luqmon.hakim@gmail.com and password Lukas002@
  And User enter email 'luqmon.hakim@gmail.com' and password 'Lukas002@' # tek.sdet.framework.steps.SignInSteps.userEnterEmailAndPassword(java.lang.String,java.lang.String)
 INFO [main] (SignInSteps.java:37)- User clicked on login button
  And User click on login button                                         # tek.sdet.framework.steps.SignInSteps.userClickOnLoginButton()
 INFO [main] (SignInSteps.java:44)- User logged in into Account
  And User should be logged in into Account                              # tek.sdet.framework.steps.SignInSteps.userShouldBeLoggedInIntoAccount()
 INFO [main] (RetailSteps.java:120)- User changed the search category to Smart Home
  And User change the category to 'Smart Home'                           # tek.sdet.framework.steps.RetailSteps.userChangeTheCategoryTo(java.lang.String)
 INFO [main] (RetailSteps.java:127)- User entered in the search bar an item value Kasa Outdoor Smart Plug
  And User search for an item 'Kasa Outdoor Smart Plug'                  # tek.sdet.framework.steps.RetailSteps.userSearchForAnItem(java.lang.String)
 INFO [main] (RetailSteps.java:133)- User clicked on search icon
  And User click on Search icon                                          # tek.sdet.framework.steps.RetailSteps.userClickOnSearchIcon()
 INFO [main] (RetailSteps.java:139)- User clicked on found item
  And User click on item                                                 # tek.sdet.framework.steps.RetailSteps.userClickOnItem()
 INFO [main] (RetailSteps.java:145)- User selected the quantity 2
  And User select quantity '2'                                           # tek.sdet.framework.steps.RetailSteps.userSelectQuantity(java.lang.String)
 INFO [main] (RetailSteps.java:151)- User clicked on Add to Cart Button
  And User click add to Cart button                                      # tek.sdet.framework.steps.RetailSteps.userClickAddToCartButton()
 INFO [main] (RetailSteps.java:158)- The cart icon quantity changed to 2
  Then the cart icon quantity should change to '2'                       # tek.sdet.framework.steps.RetailSteps.theCartIconQuantityShouldChangeTo(java.lang.String)
]]></system-out>
    <system-err><![CDATA[Starting ChromeDriver 110.0.5481.77 (65ed616c6e8ee3fe0ad64fe83796c020644d42af-refs/branch-heads/5481@{#839}) on port 59059
Only local connections are allowed.
Please see https://chromedriver.chromium.org/security-considerations for suggestions on keeping ChromeDriver safe.
ChromeDriver was started successfully.
[1677119100.957][WARNING]: virtual void DevToolsClientImpl::AddListener(DevToolsEventListener *) subscribing a listener to the already connected DevToolsClient. Connection notification will not arrive.
Feb 22, 2023 6:25:00 PM org.openqa.selenium.remote.ProtocolHandshake createSession
INFO: Detected upstream dialect: W3C
Feb 22, 2023 6:25:00 PM org.openqa.selenium.devtools.CdpVersionFinder findNearestMatch
WARNING: Unable to find an exact match for CDP version 110, so returning the closest version found: a no-op implementation
Feb 22, 2023 6:25:00 PM org.openqa.selenium.devtools.CdpVersionFinder findNearestMatch
INFO: Unable to find CDP implementation matching 110.
Feb 22, 2023 6:25:00 PM org.openqa.selenium.chromium.ChromiumDriver lambda$new$3
WARNING: Unable to find version of CDP to use for . You may need to include a dependency on a specific version of the CDP using something similar to `org.seleniumhq.selenium:selenium-devtools-v86:4.4.0` where the version ("v86") matches the version of the chromium-based browser you're using and the version number of the artifact is the same as Selenium's.
]]></system-err>
  </testcase>
  <testcase name="Verify User can place an order without Shipping address and payment Method on file" classname="This feature is use for testing UI of Retail page" time="7.368">
    <system-out><![CDATA[
@CompleteTest @RetailHomePageFeatureCompleteTest @RetailHomePageFeatureScenario5Test
Scenario: Verify User can place an order without Shipping address and payment Method on file # features/RetailHome.feature:48
 INFO [main] (RetailSteps.java:27)- User is on retail website
 INFO [main] (RetailSteps.java:28)- Actual title React App Equals Expected Ttile React App
  Given User is on retail website                                                            # tek.sdet.framework.steps.RetailSteps.userIsOnRetailWebsite()
 INFO [main] (SignInSteps.java:22)- User clicked on Sign In option
  When User click on Sing in option                                                          # tek.sdet.framework.steps.SignInSteps.userClickOnSingInOption()
 INFO [main] (SignInSteps.java:30)- User entered email luqmon.hakim@gmail.com and password Lukas002@
  And User enter email 'luqmon.hakim@gmail.com' and password 'Lukas002@'                     # tek.sdet.framework.steps.SignInSteps.userEnterEmailAndPassword(java.lang.String,java.lang.String)
 INFO [main] (SignInSteps.java:37)- User clicked on login button
  And User click on login button                                                             # tek.sdet.framework.steps.SignInSteps.userClickOnLoginButton()
 INFO [main] (SignInSteps.java:44)- User logged in into Account
  And User should be logged in into Account                                                  # tek.sdet.framework.steps.SignInSteps.userShouldBeLoggedInIntoAccount()
 INFO [main] (RetailSteps.java:120)- User changed the search category to Smart Home
  And User change the category to 'Smart Home'                                               # tek.sdet.framework.steps.RetailSteps.userChangeTheCategoryTo(java.lang.String)
 INFO [main] (RetailSteps.java:127)- User entered in the search bar an item value Kasa Outdoor Smart Plug
  And User search for an item 'Kasa Outdoor Smart Plug'                                      # tek.sdet.framework.steps.RetailSteps.userSearchForAnItem(java.lang.String)
 INFO [main] (RetailSteps.java:133)- User clicked on search icon
  And User click on Search icon                                                              # tek.sdet.framework.steps.RetailSteps.userClickOnSearchIcon()
 INFO [main] (RetailSteps.java:139)- User clicked on found item
  And User click on item                                                                     # tek.sdet.framework.steps.RetailSteps.userClickOnItem()
 INFO [main] (RetailSteps.java:145)- User selected the quantity 2
  And User select quantity '2'                                                               # tek.sdet.framework.steps.RetailSteps.userSelectQuantity(java.lang.String)
 INFO [main] (RetailSteps.java:151)- User clicked on Add to Cart Button
  And User click add to Cart button                                                          # tek.sdet.framework.steps.RetailSteps.userClickAddToCartButton()
 INFO [main] (RetailSteps.java:158)- The cart icon quantity changed to 2
  Then the cart icon quantity should change to '2'                                           # tek.sdet.framework.steps.RetailSteps.theCartIconQuantityShouldChangeTo(java.lang.String)
 INFO [main] (RetailSteps.java:164)- User clicked on cart button
  And User click on Cart option                                                              # tek.sdet.framework.steps.RetailSteps.userClickOnCartOption()
 INFO [main] (RetailSteps.java:170)- User clicked on Proceed to Checkout button
  And User click on Proceed to Checkout button                                               # tek.sdet.framework.steps.RetailSteps.userClickOnProceedToCheckoutButton()
 INFO [main] (RetailSteps.java:176)- User clicked on Add a new address button
  And User click Add a new address link for shipping address                                 # tek.sdet.framework.steps.RetailSteps.userClickAddANewAddressLinkForShippingAddress()
 INFO [main] (RetailAccountSteps.java:180)- User entered new address information
  And user fill new address form with below information                                      # tek.sdet.framework.steps.RetailAccountSteps.userFillNewAddressFormWithBelowInformation(io.cucumber.datatable.DataTable)
    | country       | fullName     | phoneNumber | streetAddress | apt | city       | state    | zipCode |
    | United States | Luqmon Hakim | 58640239889 | 2002 D Street | 2   | Southfield | Michigan | 48075   |
 INFO [main] (RetailAccountSteps.java:187)- User clicked on Add Your Address button
  And User click Add Your Address button                                                     # tek.sdet.framework.steps.RetailAccountSteps.userClickAddYourAddressButton()
 INFO [main] (RetailSteps.java:188)- User clicked on Add a Credit or Debit Card button
  And User click Add a Credit or Debit Card for Payment method                               # tek.sdet.framework.steps.RetailSteps.userClickAddACreditOrDebitCardForPaymentMethod()
 INFO [main] (RetailAccountSteps.java:96)- User filled up the credit card information
  And User fill Debit or credit card information                                             # tek.sdet.framework.steps.RetailAccountSteps.userFillDebitOrCreditCardInformation(io.cucumber.datatable.DataTable)
    | cardNumber       | nameOnCard      | expirationMonth | expirationYear | securityCode |
    | 4647634817091108 | Stephon Wiegand | 7               | 2023           | 677          |
 INFO [main] (RetailAccountSteps.java:102)- User clicked on Add Your card button
  And User click on Add your card button                                                     # tek.sdet.framework.steps.RetailAccountSteps.userClickOnAddYourCardButton()
 INFO [main] (RetailSteps.java:194)- User clicked on Place Your Order Button
  And User click on Place Your Order                                                         # tek.sdet.framework.steps.RetailSteps.userClickOnPlaceYourOrder()
 INFO [main] (RetailAccountSteps.java:77)- Order Placed Successfully
  Then a message should be displayed 'Order Placed Successfully'                             # tek.sdet.framework.steps.RetailAccountSteps.aMessageShouldBeDisplayed(java.lang.String)
]]></system-out>
    <system-err><![CDATA[Starting ChromeDriver 110.0.5481.77 (65ed616c6e8ee3fe0ad64fe83796c020644d42af-refs/branch-heads/5481@{#839}) on port 59750
Only local connections are allowed.
Please see https://chromedriver.chromium.org/security-considerations for suggestions on keeping ChromeDriver safe.
ChromeDriver was started successfully.
[1677119104.937][WARNING]: virtual void DevToolsClientImpl::AddListener(DevToolsEventListener *) subscribing a listener to the already connected DevToolsClient. Connection notification will not arrive.
Feb 22, 2023 6:25:04 PM org.openqa.selenium.remote.ProtocolHandshake createSession
INFO: Detected upstream dialect: W3C
Feb 22, 2023 6:25:04 PM org.openqa.selenium.devtools.CdpVersionFinder findNearestMatch
WARNING: Unable to find an exact match for CDP version 110, so returning the closest version found: a no-op implementation
Feb 22, 2023 6:25:04 PM org.openqa.selenium.devtools.CdpVersionFinder findNearestMatch
INFO: Unable to find CDP implementation matching 110.
Feb 22, 2023 6:25:04 PM org.openqa.selenium.chromium.ChromiumDriver lambda$new$3
WARNING: Unable to find version of CDP to use for . You may need to include a dependency on a specific version of the CDP using something similar to `org.seleniumhq.selenium:selenium-devtools-v86:4.4.0` where the version ("v86") matches the version of the chromium-based browser you're using and the version number of the artifact is the same as Selenium's.
]]></system-err>
  </testcase>
  <testcase name="Verify User can place an order with Shipping address and payment Method on file" classname="This feature is use for testing UI of Retail page" time="5.455">
    <system-out><![CDATA[
@CompleteTest @RetailHomePageFeatureCompleteTest @RetailHomePageFeatureScenario6Test
Scenario: Verify User can place an order with Shipping address and payment Method on file # features/RetailHome.feature:76
 INFO [main] (RetailSteps.java:27)- User is on retail website
 INFO [main] (RetailSteps.java:28)- Actual title React App Equals Expected Ttile React App
  Given User is on retail website                                                         # tek.sdet.framework.steps.RetailSteps.userIsOnRetailWebsite()
 INFO [main] (SignInSteps.java:22)- User clicked on Sign In option
  When User click on Sing in option                                                       # tek.sdet.framework.steps.SignInSteps.userClickOnSingInOption()
 INFO [main] (SignInSteps.java:30)- User entered email luqmon.hakim@gmail.com and password Lukas002@
  And User enter email 'luqmon.hakim@gmail.com' and password 'Lukas002@'                  # tek.sdet.framework.steps.SignInSteps.userEnterEmailAndPassword(java.lang.String,java.lang.String)
 INFO [main] (SignInSteps.java:37)- User clicked on login button
  And User click on login button                                                          # tek.sdet.framework.steps.SignInSteps.userClickOnLoginButton()
 INFO [main] (SignInSteps.java:44)- User logged in into Account
  And User should be logged in into Account                                               # tek.sdet.framework.steps.SignInSteps.userShouldBeLoggedInIntoAccount()
 INFO [main] (RetailSteps.java:120)- User changed the search category to Electronics
  And User change the category to 'Electronics'                                           # tek.sdet.framework.steps.RetailSteps.userChangeTheCategoryTo(java.lang.String)
 INFO [main] (RetailSteps.java:127)- User entered in the search bar an item value Apex Legends
  And User search for an item 'Apex Legends'                                              # tek.sdet.framework.steps.RetailSteps.userSearchForAnItem(java.lang.String)
 INFO [main] (RetailSteps.java:133)- User clicked on search icon
  And User click on Search icon                                                           # tek.sdet.framework.steps.RetailSteps.userClickOnSearchIcon()
 INFO [main] (RetailSteps.java:139)- User clicked on found item
  And User click on item                                                                  # tek.sdet.framework.steps.RetailSteps.userClickOnItem()
 INFO [main] (RetailSteps.java:145)- User selected the quantity 5
  And User select quantity '5'                                                            # tek.sdet.framework.steps.RetailSteps.userSelectQuantity(java.lang.String)
 INFO [main] (RetailSteps.java:151)- User clicked on Add to Cart Button
  And User click add to Cart button                                                       # tek.sdet.framework.steps.RetailSteps.userClickAddToCartButton()
 INFO [main] (RetailSteps.java:158)- The cart icon quantity changed to 2
  Then the cart icon quantity should change to '5'                                        # tek.sdet.framework.steps.RetailSteps.theCartIconQuantityShouldChangeTo(java.lang.String)
 INFO [main] (RetailSteps.java:164)- User clicked on cart button
  And User click on Cart option                                                           # tek.sdet.framework.steps.RetailSteps.userClickOnCartOption()
 INFO [main] (RetailSteps.java:170)- User clicked on Proceed to Checkout button
  And User click on Proceed to Checkout button                                            # tek.sdet.framework.steps.RetailSteps.userClickOnProceedToCheckoutButton()
 INFO [main] (RetailSteps.java:194)- User clicked on Place Your Order Button
  And User click on Place Your Order                                                      # tek.sdet.framework.steps.RetailSteps.userClickOnPlaceYourOrder()
 INFO [main] (RetailAccountSteps.java:77)- Order Placed Successfully
  Then a message should be displayed 'Order Placed Successfully'                          # tek.sdet.framework.steps.RetailAccountSteps.aMessageShouldBeDisplayed(java.lang.String)
]]></system-out>
    <system-err><![CDATA[Starting ChromeDriver 110.0.5481.77 (65ed616c6e8ee3fe0ad64fe83796c020644d42af-refs/branch-heads/5481@{#839}) on port 53866
Only local connections are allowed.
Please see https://chromedriver.chromium.org/security-considerations for suggestions on keeping ChromeDriver safe.
ChromeDriver was started successfully.
[1677119112.355][WARNING]: virtual void DevToolsClientImpl::AddListener(DevToolsEventListener *) subscribing a listener to the already connected DevToolsClient. Connection notification will not arrive.
Feb 22, 2023 6:25:12 PM org.openqa.selenium.remote.ProtocolHandshake createSession
INFO: Detected upstream dialect: W3C
Feb 22, 2023 6:25:12 PM org.openqa.selenium.devtools.CdpVersionFinder findNearestMatch
WARNING: Unable to find an exact match for CDP version 110, so returning the closest version found: a no-op implementation
Feb 22, 2023 6:25:12 PM org.openqa.selenium.devtools.CdpVersionFinder findNearestMatch
INFO: Unable to find CDP implementation matching 110.
Feb 22, 2023 6:25:12 PM org.openqa.selenium.chromium.ChromiumDriver lambda$new$3
WARNING: Unable to find version of CDP to use for . You may need to include a dependency on a specific version of the CDP using something similar to `org.seleniumhq.selenium:selenium-devtools-v86:4.4.0` where the version ("v86") matches the version of the chromium-based browser you're using and the version number of the artifact is the same as Selenium's.
]]></system-err>
  </testcase>
  <testcase name="Verify User can cancel the order" classname="Retail Order Page" time="3.541">
    <system-out><![CDATA[
@CompleteTest @RetailOrderFeatureCompleteTest @RetailOrderFeatureScenario1SmokeTest
Scenario: Verify User can cancel the order                                       # features/RetailOrder.feature:13
 INFO [main] (RetailSteps.java:27)- User is on retail website
 INFO [main] (RetailSteps.java:28)- Actual title React App Equals Expected Ttile React App
  Given User is on retail website                                                # tek.sdet.framework.steps.RetailSteps.userIsOnRetailWebsite()
 INFO [main] (SignInSteps.java:22)- User clicked on Sign In option
  When User click on Sing in option                                              # tek.sdet.framework.steps.SignInSteps.userClickOnSingInOption()
 INFO [main] (SignInSteps.java:30)- User entered email luqmon.hakim@gmail.com and password Lukas002@
  And User enter email 'luqmon.hakim@gmail.com' and password 'Lukas002@'         # tek.sdet.framework.steps.SignInSteps.userEnterEmailAndPassword(java.lang.String,java.lang.String)
 INFO [main] (SignInSteps.java:37)- User clicked on login button
  And User click on login button                                                 # tek.sdet.framework.steps.SignInSteps.userClickOnLoginButton()
 INFO [main] (SignInSteps.java:44)- User logged in into Account
  And User should be logged in into Account                                      # tek.sdet.framework.steps.SignInSteps.userShouldBeLoggedInIntoAccount()
 INFO [main] (RetailOrdersSteps.java:17)- User clicked on Orders Button
  And User click on Orders section                                               # tek.sdet.framework.steps.RetailOrdersSteps.userClickOnOrdersSection()
 INFO [main] (RetailOrdersSteps.java:39)- User clicked on first order in list
  And User click on first order in list                                          # tek.sdet.framework.steps.RetailOrdersSteps.userClickOnFirstOrderInList()
 INFO [main] (RetailOrdersSteps.java:46)- User clicked on Cancel The Order Button
  And User click on Cancel The Order button                                      # tek.sdet.framework.steps.RetailOrdersSteps.userClickOnCancelTheOrderButton()
 INFO [main] (RetailOrdersSteps.java:52)- User selected the reason Bought wrong item
  And User select the cancelation Reason 'Bought wrong item'                     # tek.sdet.framework.steps.RetailOrdersSteps.userSelectTheCancelationReason(java.lang.String)
 INFO [main] (RetailOrdersSteps.java:58)- User clicked on Cancel Order Button
  And User click on Cancel Order button                                          # tek.sdet.framework.steps.RetailOrdersSteps.userClickOnCancelOrderButton()
 INFO [main] (RetailOrdersSteps.java:64)- Cancellation message displayed: Your Order Has Been Cancelled
  Then a cancelation message should be displayed 'Your Order Has Been Cancelled' # tek.sdet.framework.steps.RetailOrdersSteps.aCancelationMessageShouldBeDisplayed(java.lang.String)
]]></system-out>
    <system-err><![CDATA[Starting ChromeDriver 110.0.5481.77 (65ed616c6e8ee3fe0ad64fe83796c020644d42af-refs/branch-heads/5481@{#839}) on port 56685
Only local connections are allowed.
Please see https://chromedriver.chromium.org/security-considerations for suggestions on keeping ChromeDriver safe.
ChromeDriver was started successfully.
[1677119117.775][WARNING]: virtual void DevToolsClientImpl::AddListener(DevToolsEventListener *) subscribing a listener to the already connected DevToolsClient. Connection notification will not arrive.
Feb 22, 2023 6:25:17 PM org.openqa.selenium.remote.ProtocolHandshake createSession
INFO: Detected upstream dialect: W3C
Feb 22, 2023 6:25:17 PM org.openqa.selenium.devtools.CdpVersionFinder findNearestMatch
[...]
 INFO [main] (RetailOrdersSteps.java:17)- User clicked on Orders Button
  And User click on Orders section                                       # tek.sdet.framework.steps.RetailOrdersSteps.userClickOnOrdersSection()
 INFO [main] (RetailOrdersSteps.java:39)- User clicked on first order in list
  And User click on first order in list                                  # tek.sdet.framework.steps.RetailOrdersSteps.userClickOnFirstOrderInList()
 INFO [main] (RetailOrdersSteps.java:70)- User clicked on Return Items Button
  And User click on Return Items button                                  # tek.sdet.framework.steps.RetailOrdersSteps.userClickOnReturnItemsButton()
 INFO [main] (RetailOrdersSteps.java:76)- User selected the return reason Item damaged
  And User select the Return Reason 'Item damaged'                       # tek.sdet.framework.steps.RetailOrdersSteps.userSelectTheReturnReason(java.lang.String)
 INFO [main] (RetailOrdersSteps.java:82)- User selected the drop off service value FedEx
  And User select the drop off service 'FedEx'                           # tek.sdet.framework.steps.RetailOrdersSteps.userSelectTheDropOffService(java.lang.String)
 INFO [main] (RetailOrdersSteps.java:88)- User clicked on Return Order Button
  And User click on Return Order button                                  # tek.sdet.framework.steps.RetailOrdersSteps.userClickOnReturnOrderButton()
 INFO [main] (RetailOrdersSteps.java:94)- Return confirmation message displayed Return was successfull
  Then a return message should be displayed 'Return was successfull'     # tek.sdet.framework.steps.RetailOrdersSteps.aReturnMessageShouldBeDisplayed(java.lang.String)
]]></system-out>
    <system-err><![CDATA[Starting ChromeDriver 110.0.5481.77 (65ed616c6e8ee3fe0ad64fe83796c020644d42af-refs/branch-heads/5481@{#839}) on port 63944
Only local connections are allowed.
Please see https://chromedriver.chromium.org/security-considerations for suggestions on keeping ChromeDriver safe.
ChromeDriver was started successfully.
[1677119121.315][WARNING]: virtual void DevToolsClientImpl::AddListener(DevToolsEventListener *) subscribing a listener to the already connected DevToolsClient. Connection notification will not arrive.
Feb 22, 2023 6:25:21 PM org.openqa.selenium.remote.ProtocolHandshake createSession
INFO: Detected upstream dialect: W3C
Feb 22, 2023 6:25:21 PM org.openqa.selenium.devtools.CdpVersionFinder findNearestMatch
WARNING: Unable to find an exact match for CDP version 110, so returning the closest version found: a no-op implementation
Feb 22, 2023 6:25:21 PM org.openqa.selenium.devtools.CdpVersionFinder findNearestMatch
INFO: Unable to find CDP implementation matching 110.
Feb 22, 2023 6:25:21 PM org.openqa.selenium.chromium.ChromiumDriver lambda$new$3
WARNING: Unable to find version of CDP to use for . You may need to include a dependency on a specific version of the CDP using something similar to `org.seleniumhq.selenium:selenium-devtools-v86:4.4.0` where the version ("v86") matches the version of the chromium-based browser you're using and the version number of the artifact is the same as Selenium's.
]]></system-err>
  </testcase>
  <testcase name="Verify User can write a review on order placed" classname="Retail Order Page" time="4.543">
    <system-out><![CDATA[
@CompleteTest @RetailOrderFeatureCompleteTest @RetailOrderFeatureScenario3SmokeTest
Scenario: Verify User can write a review on order placed                  # features/RetailOrder.feature:30
 INFO [main] (RetailSteps.java:27)- User is on retail website
 INFO [main] (RetailSteps.java:28)- Actual title React App Equals Expected Ttile React App
  Given User is on retail website                                         # tek.sdet.framework.steps.RetailSteps.userIsOnRetailWebsite()
 INFO [main] (SignInSteps.java:22)- User clicked on Sign In option
  When User click on Sing in option                                       # tek.sdet.framework.steps.SignInSteps.userClickOnSingInOption()
 INFO [main] (SignInSteps.java:30)- User entered email luqmon.hakim@gmail.com and password Lukas002@
  And User enter email 'luqmon.hakim@gmail.com' and password 'Lukas002@'  # tek.sdet.framework.steps.SignInSteps.userEnterEmailAndPassword(java.lang.String,java.lang.String)
 INFO [main] (SignInSteps.java:37)- User clicked on login button
  And User click on login button                                          # tek.sdet.framework.steps.SignInSteps.userClickOnLoginButton()
 INFO [main] (SignInSteps.java:44)- User logged in into Account
  And User should be logged in into Account                               # tek.sdet.framework.steps.SignInSteps.userShouldBeLoggedInIntoAccount()
 INFO [main] (RetailOrdersSteps.java:17)- User clicked on Orders Button
  And User click on Orders section                                        # tek.sdet.framework.steps.RetailOrdersSteps.userClickOnOrdersSection()
 INFO [main] (RetailOrdersSteps.java:39)- User clicked on first order in list
  And User click on first order in list                                   # tek.sdet.framework.steps.RetailOrdersSteps.userClickOnFirstOrderInList()
 INFO [main] (RetailOrdersSteps.java:100)- User clicked on Review Button
  And User click on Review button                                         # tek.sdet.framework.steps.RetailOrdersSteps.userClickOnReviewButton()
 INFO [main] (RetailOrdersSteps.java:107)- User entered headline and written review data
  And User write Review headline 'headline value' and 'review text'       # tek.sdet.framework.steps.RetailOrdersSteps.userWriteReviewHeadlineAnd(java.lang.String,java.lang.String)
 INFO [main] (RetailOrdersSteps.java:113)- User clicked on Add Your Review Button
  And User click Add your Review button                                   # tek.sdet.framework.steps.RetailOrdersSteps.userClickAddYourReviewButton()
 INFO [main] (RetailAccountSteps.java:77)- Your review was added successfully
  Then a message should be displayed 'Your review was added successfully' # tek.sdet.framework.steps.RetailAccountSteps.aMessageShouldBeDisplayed(java.lang.String)
]]></system-out>
    <system-err><![CDATA[Starting ChromeDriver 110.0.5481.77 (65ed616c6e8ee3fe0ad64fe83796c020644d42af-refs/branch-heads/5481@{#839}) on port 56140
Only local connections are allowed.
Please see https://chromedriver.chromium.org/security-considerations for suggestions on keeping ChromeDriver safe.
ChromeDriver was started successfully.
[1677119125.038][WARNING]: virtual void DevToolsClientImpl::AddListener(DevToolsEventListener *) subscribing a listener to the already connected DevToolsClient. Connection notification will not arrive.
Feb 22, 2023 6:25:25 PM org.openqa.selenium.remote.ProtocolHandshake createSession
INFO: Detected upstream dialect: W3C
Feb 22, 2023 6:25:25 PM org.openqa.selenium.devtools.CdpVersionFinder findNearestMatch
WARNING: Unable to find an exact match for CDP version 110, so returning the closest version found: a no-op implementation
Feb 22, 2023 6:25:25 PM org.openqa.selenium.devtools.CdpVersionFinder findNearestMatch
INFO: Unable to find CDP implementation matching 110.
Feb 22, 2023 6:25:25 PM org.openqa.selenium.chromium.ChromiumDriver lambda$new$3
WARNING: Unable to find version of CDP to use for . You may need to include a dependency on a specific version of the CDP using something similar to `org.seleniumhq.selenium:selenium-devtools-v86:4.4.0` where the version ("v86") matches the version of the chromium-based browser you're using and the version number of the artifact is the same as Selenium's.
]]></system-err>
  </testcase>
  <testcase name="Verify user can sign in into Retail Application #1" classname="TEK Retail Application SignIn feature" time="2.857">
    <system-out><![CDATA[
@CompleteTest @SignInFeatureTest @smokeTest
Scenario: Verify user can sign in into Retail Application                # features/SignIn.feature:9
 INFO [main] (RetailSteps.java:27)- User is on retail website
 INFO [main] (RetailSteps.java:28)- Actual title React App Equals Expected Ttile React App
  Given User is on retail website                                        # tek.sdet.framework.steps.RetailSteps.userIsOnRetailWebsite()
 INFO [main] (SignInSteps.java:22)- User clicked on Sign In option
  When User click on Sing in option                                      # tek.sdet.framework.steps.SignInSteps.userClickOnSingInOption()
 INFO [main] (SignInSteps.java:30)- User entered email luqmon.hakim@gmail.com and password Lukas002@
  And User enter email 'luqmon.hakim@gmail.com' and password 'Lukas002@' # tek.sdet.framework.steps.SignInSteps.userEnterEmailAndPassword(java.lang.String,java.lang.String)
 INFO [main] (SignInSteps.java:37)- User clicked on login button
  And User click on login button                                         # tek.sdet.framework.steps.SignInSteps.userClickOnLoginButton()
 INFO [main] (SignInSteps.java:44)- User logged in into Account
  Then User should be logged in into Account                             # tek.sdet.framework.steps.SignInSteps.userShouldBeLoggedInIntoAccount()
]]></system-out>
    <system-err><![CDATA[Starting ChromeDriver 110.0.5481.77 (65ed616c6e8ee3fe0ad64fe83796c020644d42af-refs/branch-heads/5481@{#839}) on port 59800
Only local connections are allowed.
Please see https://chromedriver.chromium.org/security-considerations for suggestions on keeping ChromeDriver safe.
ChromeDriver was started successfully.
[1677119129.591][WARNING]: virtual void DevToolsClientImpl::AddListener(DevToolsEventListener *) subscribing a listener to the already connected DevToolsClient. Connection notification will not arrive.
Feb 22, 2023 6:25:29 PM org.openqa.selenium.remote.ProtocolHandshake createSession
INFO: Detected upstream dialect: W3C
Feb 22, 2023 6:25:29 PM org.openqa.selenium.devtools.CdpVersionFinder findNearestMatch
WARNING: Unable to find an exact match for CDP version 110, so returning the closest version found: a no-op implementation
Feb 22, 2023 6:25:29 PM org.openqa.selenium.devtools.CdpVersionFinder findNearestMatch
INFO: Unable to find CDP implementation matching 110.
Feb 22, 2023 6:25:29 PM org.openqa.selenium.chromium.ChromiumDriver lambda$new$3
WARNING: Unable to find version of CDP to use for . You may need to include a dependency on a specific version of the CDP using something similar to `org.seleniumhq.selenium:selenium-devtools-v86:4.4.0` where the version ("v86") matches the version of the chromium-based browser you're using and the version number of the artifact is the same as Selenium's.
]]></system-err>
  </testcase>
  <testcase name="Verify user can sign in into Retail Application #2" classname="TEK Retail Application SignIn feature" time="2.727">
    <system-out><![CDATA[
@CompleteTest @SignInFeatureTest @smokeTestOutline
Scenario Outline: Verify user can sign in into Retail Application           # features/SignIn.feature:22
 INFO [main] (RetailSteps.java:27)- User is on retail website
 INFO [main] (RetailSteps.java:28)- Actual title React App Equals Expected Ttile React App
  Given User is on retail website                                           # tek.sdet.framework.steps.RetailSteps.userIsOnRetailWebsite()
 INFO [main] (SignInSteps.java:22)- User clicked on Sign In option
  When User click on Sing in option                                         # tek.sdet.framework.steps.SignInSteps.userClickOnSingInOption()
 INFO [main] (SignInSteps.java:30)- User entered email transformers@tekschool.us and password Tek@12345
  And User enter email 'transformers@tekschool.us' and password 'Tek@12345' # tek.sdet.framework.steps.SignInSteps.userEnterEmailAndPassword(java.lang.String,java.lang.String)
 INFO [main] (SignInSteps.java:37)- User clicked on login button
  And User click on login button                                            # tek.sdet.framework.steps.SignInSteps.userClickOnLoginButton()
 INFO [main] (SignInSteps.java:44)- User logged in into Account
  Then User should be logged in into Account                                # tek.sdet.framework.steps.SignInSteps.userShouldBeLoggedInIntoAccount()
]]></system-out>
    <system-err><![CDATA[Starting ChromeDriver 110.0.5481.77 (65ed616c6e8ee3fe0ad64fe83796c020644d42af-refs/branch-heads/5481@{#839}) on port 57713
Only local connections are allowed.
Please see https://chromedriver.chromium.org/security-considerations for suggestions on keeping ChromeDriver safe.
ChromeDriver was started successfully.
[1677119132.432][WARNING]: virtual void DevToolsClientImpl::AddListener(DevToolsEventListener *) subscribing a listener to the already connected DevToolsClient. Connection notification will not arrive.
Feb 22, 2023 6:25:32 PM org.openqa.selenium.remote.ProtocolHandshake createSession
INFO: Detected upstream dialect: W3C
Feb 22, 2023 6:25:32 PM org.openqa.selenium.devtools.CdpVersionFinder findNearestMatch
WARNING: Unable to find an exact match for CDP version 110, so returning the closest version found: a no-op implementation
Feb 22, 2023 6:25:32 PM org.openqa.selenium.devtools.CdpVersionFinder findNearestMatch
INFO: Unable to find CDP implementation matching 110.
Feb 22, 2023 6:25:32 PM org.openqa.selenium.chromium.ChromiumDriver lambda$new$3
WARNING: Unable to find version of CDP to use for . You may need to include a dependency on a specific version of the CDP using something similar to `org.seleniumhq.selenium:selenium-devtools-v86:4.4.0` where the version ("v86") matches the version of the chromium-based browser you're using and the version number of the artifact is the same as Selenium's.
]]></system-err>
  </testcase>
  <testcase name="Verify user can sign in into Retail Application #3" classname="TEK Retail Application SignIn feature" time="2.862">
    <system-out><![CDATA[
@CompleteTest @SignInFeatureTest @smokeTestOutline
Scenario Outline: Verify user can sign in into Retail Application        # features/SignIn.feature:23
 INFO [main] (RetailSteps.java:27)- User is on retail website
 INFO [main] (RetailSteps.java:28)- Actual title React App Equals Expected Ttile React App
  Given User is on retail website                                        # tek.sdet.framework.steps.RetailSteps.userIsOnRetailWebsite()
 INFO [main] (SignInSteps.java:22)- User clicked on Sign In option
  When User click on Sing in option                                      # tek.sdet.framework.steps.SignInSteps.userClickOnSingInOption()
 INFO [main] (SignInSteps.java:30)- User entered email luqmon.hakim@gmail.com and password Lukas002@
  And User enter email 'luqmon.hakim@gmail.com' and password 'Lukas002@' # tek.sdet.framework.steps.SignInSteps.userEnterEmailAndPassword(java.lang.String,java.lang.String)
 INFO [main] (SignInSteps.java:37)- User clicked on login button
  And User click on login button                                         # tek.sdet.framework.steps.SignInSteps.userClickOnLoginButton()
 INFO [main] (SignInSteps.java:44)- User logged in into Account
  Then User should be logged in into Account                             # tek.sdet.framework.steps.SignInSteps.userShouldBeLoggedInIntoAccount()
]]></system-out>
    <system-err><![CDATA[Starting ChromeDriver 110.0.5481.77 (65ed616c6e8ee3fe0ad64fe83796c020644d42af-refs/branch-heads/5481@{#839}) on port 59508
Only local connections are allowed.
Please see https://chromedriver.chromium.org/security-considerations for suggestions on keeping ChromeDriver safe.
ChromeDriver was started successfully.
[1677119135.179][WARNING]: virtual void DevToolsClientImpl::AddListener(DevToolsEventListener *) subscribing a listener to the already connected DevToolsClient. Connection notification will not arrive.
Feb 22, 2023 6:25:35 PM org.openqa.selenium.remote.ProtocolHandshake createSession
INFO: Detected upstream dialect: W3C
Feb 22, 2023 6:25:35 PM org.openqa.selenium.devtools.CdpVersionFinder findNearestMatch
WARNING: Unable to find an exact match for CDP version 110, so returning the closest version found: a no-op implementation
Feb 22, 2023 6:25:35 PM org.openqa.selenium.devtools.CdpVersionFinder findNearestMatch
INFO: Unable to find CDP implementation matching 110.
Feb 22, 2023 6:25:35 PM org.openqa.selenium.chromium.ChromiumDriver lambda$new$3
WARNING: Unable to find version of CDP to use for . You may need to include a dependency on a specific version of the CDP using something similar to `org.seleniumhq.selenium:selenium-devtools-v86:4.4.0` where the version ("v86") matches the version of the chromium-based browser you're using and the version number of the artifact is the same as Selenium's.
]]></system-err>
  </testcase>
  <testcase name="Verufy user can create an account into Retail website" classname="TEK Retail Application SignIn feature" time="3.584">
    <system-out><![CDATA[
@CompleteTest @SignInFeatureTest @smokeTestCreateAccountScenario
Scenario: Verufy user can create an account into Retail website # features/SignIn.feature:26
 INFO [main] (RetailSteps.java:27)- User is on retail website
 INFO [main] (RetailSteps.java:28)- Actual title React App Equals Expected Ttile React App
  Given User is on retail website                               # tek.sdet.framework.steps.RetailSteps.userIsOnRetailWebsite()
 INFO [main] (SignInSteps.java:22)- User clicked on Sign In option
  When User click on Sing in option                             # tek.sdet.framework.steps.SignInSteps.userClickOnSingInOption()
 INFO [main] (SignInSteps.java:50)- User clicked on Create New Account button
  And User click on Create New Account button                   # tek.sdet.framework.steps.SignInSteps.userClickOnCreateNewAccountButton()
 INFO [main] (SignInSteps.java:66)- User filled the signUp information form
  And User fill the signUp information with below data          # tek.sdet.framework.steps.SignInSteps.userFillTheSignUpInformationWithBelowData(io.cucumber.datatable.DataTable)
    | name  | email    | password  | confirmPassword |
    | Tests | testData | Tek@12345 | Tek@12345       |
 INFO [main] (SignInSteps.java:72)- User clicked on SignUpForm button
  And User click on SignUp button                               # tek.sdet.framework.steps.SignInSteps.userClickOnSignUpButton()
 INFO [main] (SignInSteps.java:79)- User is logged in into account page
  Then User should be logged into account page                  # tek.sdet.framework.steps.SignInSteps.userShouldBeLoggedIntoAccountPage()
]]></system-out>
    <system-err><![CDATA[Starting ChromeDriver 110.0.5481.77 (65ed616c6e8ee3fe0ad64fe83796c020644d42af-refs/branch-heads/5481@{#839}) on port 52606
Only local connections are allowed.
Please see https://chromedriver.chromium.org/security-considerations for suggestions on keeping ChromeDriver safe.
ChromeDriver was started successfully.
[1677119138.038][WARNING]: virtual void DevToolsClientImpl::AddListener(DevToolsEventListener *) subscribing a listener to the already connected DevToolsClient. Connection notification will not arrive.
Feb 22, 2023 6:25:38 PM org.openqa.selenium.remote.ProtocolHandshake createSession
INFO: Detected upstream dialect: W3C
Feb 22, 2023 6:25:38 PM org.openqa.selenium.devtools.CdpVersionFinder findNearestMatch
WARNING: Unable to find an exact match for CDP version 110, so returning the closest version found: a no-op implementation
Feb 22, 2023 6:25:38 PM org.openqa.selenium.devtools.CdpVersionFinder findNearestMatch
INFO: Unable to find CDP implementation matching 110.
Feb 22, 2023 6:25:38 PM org.openqa.selenium.chromium.ChromiumDriver lambda$new$3
WARNING: Unable to find version of CDP to use for . You may need to include a dependency on a specific version of the CDP using something similar to `org.seleniumhq.selenium:selenium-devtools-v86:4.4.0` where the version ("v86") matches the version of the chromium-based browser you're using and the version number of the artifact is the same as Selenium's.
]]></system-err>
  </testcase>
</testsuite>