<?xml version="1.0" encoding="UTF-8"?>
<testsuite xmlns:xsi="http://www.w3.org/2001/XMLSchema-instance" xsi:noNamespaceSchemaLocation="https://maven.apache.org/surefire/maven-surefire-plugin/xsd/surefire-test-report-3.0.xsd" version="3.0" name="tek.sdet.framework.runner.TestRunner" time="41.762" tests="9" errors="0" skipped="0" failures="0">
  <properties>
[...]
</properties>
  <testcase name="Verify User can update Profile Information" classname="Retail Application Account Feature" time="5.959">
    <system-out><![CDATA[
@CompleteTest @RetailAccountFeatureCompleteTest @RetailAccountFeatureScenario1SmokeTest
Scenario: Verify User can update Profile Information                     # features/RetailAccount.feature:12
 INFO [main] (RetailSteps.java:27)- User is on retail website
 INFO [main] (RetailSteps.java:28)- Actual title React App Equals Expected Ttile React App
  Given User is on retail website                                        # tek.sdet.framework.steps.RetailSteps.userIsOnRetailWebsite()
 INFO [main] (SignInSteps.java:22)- User clicked on Sign In option
  When User click on Sing in option                                      # tek.sdet.framework.steps.SignInSteps.userClickOnSingInOption()
 INFO [main] (SignInSteps.java:30)- User entered email luqmon.hakim@gmail.com and password Lukas002@
  And User enter email 'luqmon.hakim@gmail.com' and password 'Lukas002@' # tek.sdet.framework.steps.SignInSteps.userEnterEmailAndPassword(java.lang.String,java.lang.String)
 INFO [main] (SignInSteps.java:37)- User clicked on login button
  And User click on login button                                         # tek.sdet.framework.steps.SignInSteps.userClickOnLoginButton()
 INFO [main] (SignInSteps.java:44)- User logged in into Account
  And User should be logged in into Account                              # tek.sdet.framework.steps.SignInSteps.userShouldBeLoggedInIntoAccount()
 INFO [main] (RetailAccountSteps.java:24)- User clicked on Account option
  When User click on Account option                                      # tek.sdet.framework.steps.RetailAccountSteps.userClickOnAccountOption()
 INFO [main] (RetailAccountSteps.java:33)- User updated name to Luqmon and phone number to 7077777777
  And User update Name 'Luqmon' and Phone '7077777777'                   # tek.sdet.framework.steps.RetailAccountSteps.userUpdateNameAndPhone(java.lang.String,java.lang.String)
 INFO [main] (RetailAccountSteps.java:39)- User clicked on Update Button
  And User click on Update Button                                        # tek.sdet.framework.steps.RetailAccountSteps.userClickOnUpdateButton()
 INFO [main] (RetailAccountSteps.java:46)- Profile information updated succesfully
  Then User profile information should be updated                        # tek.sdet.framework.steps.RetailAccountSteps.userProfileInformationShouldBeUpdated()
]]></system-out>
    <system-err><![CDATA[SLF4J: Failed to load class "org.slf4j.impl.StaticLoggerBinder".
SLF4J: Defaulting to no-operation (NOP) logger implementation
SLF4J: See http://www.slf4j.org/codes.html#StaticLoggerBinder for further details.
ERROR StatusLogger Log4j2 could not find a logging implementation. Please add log4j-core to the classpath. Using SimpleLogger to log to the console...
Starting ChromeDriver 110.0.5481.77 (65ed616c6e8ee3fe0ad64fe83796c020644d42af-refs/branch-heads/5481@{#839}) on port 64109
Only local connections are allowed.
Please see https://chromedriver.chromium.org/security-considerations for suggestions on keeping ChromeDriver safe.
ChromeDriver was started successfully.
[1676926629.578][WARNING]: virtual void DevToolsClientImpl::AddListener(DevToolsEventListener *) subscribing a listener to the already connected DevToolsClient. Connection notification will not arrive.
Feb 20, 2023 12:57:09 PM org.openqa.selenium.remote.ProtocolHandshake createSession
INFO: Detected upstream dialect: W3C
Feb 20, 2023 12:57:09 PM org.openqa.selenium.devtools.CdpVersionFinder findNearestMatch
WARNING: Unable to find an exact match for CDP version 110, so returning the closest version found: a no-op implementation
Feb 20, 2023 12:57:09 PM org.openqa.selenium.devtools.CdpVersionFinder findNearestMatch
INFO: Unable to find CDP implementation matching 110.
Feb 20, 2023 12:57:09 PM org.openqa.selenium.chromium.ChromiumDriver lambda$new$3
WARNING: Unable to find version of CDP to use for . You may need to include a dependency on a specific version of the CDP using something similar to `org.seleniumhq.selenium:selenium-devtools-v86:4.4.0` where the version ("v86") matches the version of the chromium-based browser you're using and the version number of the artifact is the same as Selenium's.
]]></system-err>
  </testcase>
  <testcase name="Verify User can add a payment method" classname="Retail Application Account Feature" time="4.357">
    <system-out><![CDATA[
@CompleteTest @RetailAccountFeatureCompleteTest @RetailAccountFeatureScenario3SmokeTest
Scenario: Verify User can add a payment method                           # features/RetailAccount.feature:33
 INFO [main] (RetailSteps.java:27)- User is on retail website
 INFO [main] (RetailSteps.java:28)- Actual title React App Equals Expected Ttile React App
  Given User is on retail website                                        # tek.sdet.framework.steps.RetailSteps.userIsOnRetailWebsite()
 INFO [main] (SignInSteps.java:22)- User clicked on Sign In option
  When User click on Sing in option                                      # tek.sdet.framework.steps.SignInSteps.userClickOnSingInOption()
 INFO [main] (SignInSteps.java:30)- User entered email luqmon.hakim@gmail.com and password Lukas002@
  And User enter email 'luqmon.hakim@gmail.com' and password 'Lukas002@' # tek.sdet.framework.steps.SignInSteps.userEnterEmailAndPassword(java.lang.String,java.lang.String)
 INFO [main] (SignInSteps.java:37)- User clicked on login button
  And User click on login button                                         # tek.sdet.framework.steps.SignInSteps.userClickOnLoginButton()
 INFO [main] (SignInSteps.java:44)- User logged in into Account
  And User should be logged in into Account                              # tek.sdet.framework.steps.SignInSteps.userShouldBeLoggedInIntoAccount()
 INFO [main] (RetailAccountSteps.java:24)- User clicked on Account option
  When User click on Account option                                      # tek.sdet.framework.steps.RetailAccountSteps.userClickOnAccountOption()
 INFO [main] (RetailAccountSteps.java:89)- User clicked on Add a payment method link
  And User click on Add a payment method link                            # tek.sdet.framework.steps.RetailAccountSteps.userClickOnAddAPaymentMethodLink()
 INFO [main] (RetailAccountSteps.java:102)- User filled up the credit card information
  And User fill Debit or credit card information                         # tek.sdet.framework.steps.RetailAccountSteps.userFillDebitOrCreditCardInformation(io.cucumber.datatable.DataTable)
    | cardNumber       | nameOnCard      | expirationMonth | expirationYear | securityCode |
    | 4647634817091108 | Stephon Wiegand | 7               | 2023           | 677          |
 INFO [main] (RetailAccountSteps.java:108)- User clicked on Add Your card button
  And User click on Add your card button                                 # tek.sdet.framework.steps.RetailAccountSteps.userClickOnAddYourCardButton()
 INFO [main] (RetailAccountSteps.java:83)- Payment Method added sucessfully
  Then a message should be displayed 'Payment Method added sucessfully'  # tek.sdet.framework.steps.RetailAccountSteps.aMessageShouldBeDisplayed(java.lang.String)
]]></system-out>
    <system-err><![CDATA[Starting ChromeDriver 110.0.5481.77 (65ed616c6e8ee3fe0ad64fe83796c020644d42af-refs/branch-heads/5481@{#839}) on port 57967
Only local connections are allowed.
Please see https://chromedriver.chromium.org/security-considerations for suggestions on keeping ChromeDriver safe.
ChromeDriver was started successfully.
[1676926634.044][WARNING]: virtual void DevToolsClientImpl::AddListener(DevToolsEventListener *) subscribing a listener to the already connected DevToolsClient. Connection notification will not arrive.
Feb 20, 2023 12:57:14 PM org.openqa.selenium.remote.ProtocolHandshake createSession
INFO: Detected upstream dialect: W3C
Feb 20, 2023 12:57:14 PM org.openqa.selenium.devtools.CdpVersionFinder findNearestMatch
WARNING: Unable to find an exact match for CDP version 110, so returning the closest version found: a no-op implementation
Feb 20, 2023 12:57:14 PM org.openqa.selenium.devtools.CdpVersionFinder findNearestMatch
INFO: Unable to find CDP implementation matching 110.
Feb 20, 2023 12:57:14 PM org.openqa.selenium.chromium.ChromiumDriver lambda$new$3
WARNING: Unable to find version of CDP to use for . You may need to include a dependency on a specific version of the CDP using something similar to `org.seleniumhq.selenium:selenium-devtools-v86:4.4.0` where the version ("v86") matches the version of the chromium-based browser you're using and the version number of the artifact is the same as Selenium's.
]]></system-err>
  </testcase>
  <testcase name="Verify User can edit Debit or Credit card" classname="Retail Application Account Feature" time="4.699">
    <system-out><![CDATA[
@CompleteTest @RetailAccountFeatureCompleteTest @RetailAccountFeatureScenario4SmokeTest
Scenario: Verify User can edit Debit or Credit card                        # features/RetailAccount.feature:43
 INFO [main] (RetailSteps.java:27)- User is on retail website
 INFO [main] (RetailSteps.java:28)- Actual title React App Equals Expected Ttile React App
  Given User is on retail website                                          # tek.sdet.framework.steps.RetailSteps.userIsOnRetailWebsite()
 INFO [main] (SignInSteps.java:22)- User clicked on Sign In option
  When User click on Sing in option                                        # tek.sdet.framework.steps.SignInSteps.userClickOnSingInOption()
 INFO [main] (SignInSteps.java:30)- User entered email luqmon.hakim@gmail.com and password Lukas002@
  And User enter email 'luqmon.hakim@gmail.com' and password 'Lukas002@'   # tek.sdet.framework.steps.SignInSteps.userEnterEmailAndPassword(java.lang.String,java.lang.String)
 INFO [main] (SignInSteps.java:37)- User clicked on login button
  And User click on login button                                           # tek.sdet.framework.steps.SignInSteps.userClickOnLoginButton()
 INFO [main] (SignInSteps.java:44)- User logged in into Account
  And User should be logged in into Account                                # tek.sdet.framework.steps.SignInSteps.userShouldBeLoggedInIntoAccount()
 INFO [main] (RetailAccountSteps.java:24)- User clicked on Account option
  When User click on Account option                                        # tek.sdet.framework.steps.RetailAccountSteps.userClickOnAccountOption()
 INFO [main] (RetailAccountSteps.java:114)- User selected first card from the list
 INFO [main] (RetailAccountSteps.java:116)- User clicked on Edit button
  And User click on Edit option of card section                            # tek.sdet.framework.steps.RetailAccountSteps.userClickOnEditOptionOfCardSection()
 INFO [main] (RetailAccountSteps.java:132)- User filled up the credit card information
  And user edit information with below data                                # tek.sdet.framework.steps.RetailAccountSteps.userEditInformationWithBelowData(io.cucumber.datatable.DataTable)
    | cardNumber       | nameOnCard   | expirationMonth | expirationYear | securityCode |
    | 4647634817092278 | Luqmon Hakim | 7               | 2025           | 687          |
 INFO [main] (RetailAccountSteps.java:139)- User Clicked on Update Your Card button
  And user click on Update Your Card button                                # tek.sdet.framework.steps.RetailAccountSteps.userClickOnUpdateYourCardButton()
 INFO [main] (RetailAccountSteps.java:83)- Payment Method updated Successfully
  Then a message should be displayed 'Payment Method updated Successfully' # tek.sdet.framework.steps.RetailAccountSteps.aMessageShouldBeDisplayed(java.lang.String)
]]></system-out>
    <system-err><![CDATA[Starting ChromeDriver 110.0.5481.77 (65ed616c6e8ee3fe0ad64fe83796c020644d42af-refs/branch-heads/5481@{#839}) on port 64323
Only local connections are allowed.
Please see https://chromedriver.chromium.org/security-considerations for suggestions on keeping ChromeDriver safe.
ChromeDriver was started successfully.
[1676926638.308][WARNING]: virtual void DevToolsClientImpl::AddListener(DevToolsEventListener *) subscribing a listener to the already connected DevToolsClient. Connection notification will not arrive.
Feb 20, 2023 12:57:18 PM org.openqa.selenium.remote.ProtocolHandshake createSession
INFO: Detected upstream dialect: W3C
Feb 20, 2023 12:57:18 PM org.openqa.selenium.devtools.CdpVersionFinder findNearestMatch
WARNING: Unable to find an exact match for CDP version 110, so returning the closest version found: a no-op implementation
Feb 20, 2023 12:57:18 PM org.openqa.selenium.devtools.CdpVersionFinder findNearestMatch
INFO: Unable to find CDP implementation matching 110.
Feb 20, 2023 12:57:18 PM org.openqa.selenium.chromium.ChromiumDriver lambda$new$3
WARNING: Unable to find version of CDP to use for . You may need to include a dependency on a specific version of the CDP using something similar to `org.seleniumhq.selenium:selenium-devtools-v86:4.4.0` where the version ("v86") matches the version of the chromium-based browser you're using and the version number of the artifact is the same as Selenium's.
]]></system-err>
  </testcase>
  <testcase name="Verify User can remove Debit or Credit card" classname="Retail Application Account Feature" time="3.835">
    <system-out><![CDATA[
@CompleteTest @RetailAccountFeatureCompleteTest @RetailAccountFeatureScenario5SmokeTest
Scenario: Verify User can remove Debit or Credit card                    # features/RetailAccount.feature:53
 INFO [main] (RetailSteps.java:27)- User is on retail website
 INFO [main] (RetailSteps.java:28)- Actual title React App Equals Expected Ttile React App
  Given User is on retail website                                        # tek.sdet.framework.steps.RetailSteps.userIsOnRetailWebsite()
 INFO [main] (SignInSteps.java:22)- User clicked on Sign In option
  When User click on Sing in option                                      # tek.sdet.framework.steps.SignInSteps.userClickOnSingInOption()
 INFO [main] (SignInSteps.java:30)- User entered email luqmon.hakim@gmail.com and password Lukas002@
  And User enter email 'luqmon.hakim@gmail.com' and password 'Lukas002@' # tek.sdet.framework.steps.SignInSteps.userEnterEmailAndPassword(java.lang.String,java.lang.String)
 INFO [main] (SignInSteps.java:37)- User clicked on login button
  And User click on login button                                         # tek.sdet.framework.steps.SignInSteps.userClickOnLoginButton()
 INFO [main] (SignInSteps.java:44)- User logged in into Account
  And User should be logged in into Account                              # tek.sdet.framework.steps.SignInSteps.userShouldBeLoggedInIntoAccount()
 INFO [main] (RetailAccountSteps.java:24)- User clicked on Account option
  When User click on Account option                                      # tek.sdet.framework.steps.RetailAccountSteps.userClickOnAccountOption()
 INFO [main] (RetailAccountSteps.java:145)- User selected first card from the list
 INFO [main] (RetailAccountSteps.java:147)- User clicked on remove button
  And User click on remove option of card section                        # tek.sdet.framework.steps.RetailAccountSteps.userClickOnRemoveOptionOfCardSection()
 INFO [main] (RetailAccountSteps.java:161)- Card removed successfully
  Then payment details should be removed                                 # tek.sdet.framework.steps.RetailAccountSteps.paymentDetailsShouldBeRemoved()
]]></system-out>
    <system-err><![CDATA[Starting ChromeDriver 110.0.5481.77 (65ed616c6e8ee3fe0ad64fe83796c020644d42af-refs/branch-heads/5481@{#839}) on port 49363
Only local connections are allowed.
Please see https://chromedriver.chromium.org/security-considerations for suggestions on keeping ChromeDriver safe.
ChromeDriver was started successfully.
[1676926643.082][WARNING]: virtual void DevToolsClientImpl::AddListener(DevToolsEventListener *) subscribing a listener to the already connected DevToolsClient. Connection notification will not arrive.
Feb 20, 2023 12:57:23 PM org.openqa.selenium.remote.ProtocolHandshake createSession
INFO: Detected upstream dialect: W3C
Feb 20, 2023 12:57:23 PM org.openqa.selenium.devtools.CdpVersionFinder findNearestMatch
WARNING: Unable to find an exact match for CDP version 110, so returning the closest version found: a no-op implementation
Feb 20, 2023 12:57:23 PM org.openqa.selenium.devtools.CdpVersionFinder findNearestMatch
INFO: Unable to find CDP implementation matching 110.
Feb 20, 2023 12:57:23 PM org.openqa.selenium.chromium.ChromiumDriver lambda$new$3
WARNING: Unable to find version of CDP to use for . You may need to include a dependency on a specific version of the CDP using something similar to `org.seleniumhq.selenium:selenium-devtools-v86:4.4.0` where the version ("v86") matches the version of the chromium-based browser you're using and the version number of the artifact is the same as Selenium's.
]]></system-err>
  </testcase>
  <testcase name="Verify User can add an Address" classname="Retail Application Account Feature" time="4.78">
    <system-out><![CDATA[
@CompleteTest @RetailAccountFeatureCompleteTest @RetailAccountFeatureScenario6SmokeTest
Scenario: Verify User can add an Address                                 # features/RetailAccount.feature:59
 INFO [main] (RetailSteps.java:27)- User is on retail website
 INFO [main] (RetailSteps.java:28)- Actual title React App Equals Expected Ttile React App
  Given User is on retail website                                        # tek.sdet.framework.steps.RetailSteps.userIsOnRetailWebsite()
 INFO [main] (SignInSteps.java:22)- User clicked on Sign In option
  When User click on Sing in option                                      # tek.sdet.framework.steps.SignInSteps.userClickOnSingInOption()
 INFO [main] (SignInSteps.java:30)- User entered email luqmon.hakim@gmail.com and password Lukas002@
  And User enter email 'luqmon.hakim@gmail.com' and password 'Lukas002@' # tek.sdet.framework.steps.SignInSteps.userEnterEmailAndPassword(java.lang.String,java.lang.String)
 INFO [main] (SignInSteps.java:37)- User clicked on login button
  And User click on login button                                         # tek.sdet.framework.steps.SignInSteps.userClickOnLoginButton()
 INFO [main] (SignInSteps.java:44)- User logged in into Account
  And User should be logged in into Account                              # tek.sdet.framework.steps.SignInSteps.userShouldBeLoggedInIntoAccount()
 INFO [main] (RetailAccountSteps.java:24)- User clicked on Account option
  When User click on Account option                                      # tek.sdet.framework.steps.RetailAccountSteps.userClickOnAccountOption()
 INFO [main] (RetailAccountSteps.java:167)- User clicked on Add Address option
  And User click on Add address option                                   # tek.sdet.framework.steps.RetailAccountSteps.userClickOnAddAddressOption()
 INFO [main] (RetailAccountSteps.java:188)- User entered new address information
  And user fill new address form with below information                  # tek.sdet.framework.steps.RetailAccountSteps.userFillNewAddressFormWithBelowInformation(io.cucumber.datatable.DataTable)
    | country       | fullName     | phoneNumber | streetAddress | apt | city       | state    | zipCode |
    | United States | Luqmon Hakim | 58640039889 | 2002 D Street | 2   | Southfield | Michigan | 48075   |
 INFO [main] (RetailAccountSteps.java:196)- User clicked on Add Your Address button
  And User click Add Your Address button                                 # tek.sdet.framework.steps.RetailAccountSteps.userClickAddYourAddressButton()
 INFO [main] (RetailAccountSteps.java:83)- Address Added Successfully
  Then a message should be displayed 'Address Added Successfully'        # tek.sdet.framework.steps.RetailAccountSteps.aMessageShouldBeDisplayed(java.lang.String)
]]></system-out>
    <system-err><![CDATA[Starting ChromeDriver 110.0.5481.77 (65ed616c6e8ee3fe0ad64fe83796c020644d42af-refs/branch-heads/5481@{#839}) on port 61121
Only local connections are allowed.
Please see https://chromedriver.chromium.org/security-considerations for suggestions on keeping ChromeDriver safe.
ChromeDriver was started successfully.
[1676926646.830][WARNING]: virtual void DevToolsClientImpl::AddListener(DevToolsEventListener *) subscribing a listener to the already connected DevToolsClient. Connection notification will not arrive.
Feb 20, 2023 12:57:26 PM org.openqa.selenium.remote.ProtocolHandshake createSession
INFO: Detected upstream dialect: W3C
Feb 20, 2023 12:57:26 PM org.openqa.selenium.devtools.CdpVersionFinder findNearestMatch
WARNING: Unable to find an exact match for CDP version 110, so returning the closest version found: a no-op implementation
Feb 20, 2023 12:57:26 PM org.openqa.selenium.devtools.CdpVersionFinder findNearestMatch
INFO: Unable to find CDP implementation matching 110.
Feb 20, 2023 12:57:26 PM org.openqa.selenium.chromium.ChromiumDriver lambda$new$3
WARNING: Unable to find version of CDP to use for . You may need to include a dependency on a specific version of the CDP using something similar to `org.seleniumhq.selenium:selenium-devtools-v86:4.4.0` where the version ("v86") matches the version of the chromium-based browser you're using and the version number of the artifact is the same as Selenium's.
]]></system-err>
  </testcase>
  <testcase name="Verify User can edit an Address added on account" classname="Retail Application Account Feature" time="4.927">
    <system-out><![CDATA[
@CompleteTest @RetailAccountFeatureCompleteTest @RetailAccountFeatureScenario7SmokeTest
Scenario: Verify User can edit an Address added on account               # features/RetailAccount.feature:69
 INFO [main] (RetailSteps.java:27)- User is on retail website
 INFO [main] (RetailSteps.java:28)- Actual title React App Equals Expected Ttile React App
  Given User is on retail website                                        # tek.sdet.framework.steps.RetailSteps.userIsOnRetailWebsite()
 INFO [main] (SignInSteps.java:22)- User clicked on Sign In option
  When User click on Sing in option                                      # tek.sdet.framework.steps.SignInSteps.userClickOnSingInOption()
 INFO [main] (SignInSteps.java:30)- User entered email luqmon.hakim@gmail.com and password Lukas002@
  And User enter email 'luqmon.hakim@gmail.com' and password 'Lukas002@' # tek.sdet.framework.steps.SignInSteps.userEnterEmailAndPassword(java.lang.String,java.lang.String)
 INFO [main] (SignInSteps.java:37)- User clicked on login button
  And User click on login button                                         # tek.sdet.framework.steps.SignInSteps.userClickOnLoginButton()
 INFO [main] (SignInSteps.java:44)- User logged in into Account
  And User should be logged in into Account                              # tek.sdet.framework.steps.SignInSteps.userShouldBeLoggedInIntoAccount()
 INFO [main] (RetailAccountSteps.java:24)- User clicked on Account option
  When User click on Account option                                      # tek.sdet.framework.steps.RetailAccountSteps.userClickOnAccountOption()
 INFO [main] (RetailAccountSteps.java:202)- User clicked on Edit button for last address in list
  And User click on edit address option                                  # tek.sdet.framework.steps.RetailAccountSteps.userClickOnEditAddressOption()
 INFO [main] (RetailAccountSteps.java:188)- User entered new address information
  And user fill new address form with below information                  # tek.sdet.framework.steps.RetailAccountSteps.userFillNewAddressFormWithBelowInformation(io.cucumber.datatable.DataTable)
    | country       | fullName     | phoneNumber | streetAddress | apt | city       | state    | zipCode |
    | United States | Luqmon Hakim | 58640239719 | 2002 D Street | 2   | Southfield | Michigan | 48075   |
 INFO [main] (RetailAccountSteps.java:208)- User clicked on Update Your Address button
  And User click update Your Address button                              # tek.sdet.framework.steps.RetailAccountSteps.userClickUpdateYourAddressButton()
 INFO [main] (RetailAccountSteps.java:83)- Address Updated Successfully
  Then a message should be displayed 'Address Updated Successfully'      # tek.sdet.framework.steps.RetailAccountSteps.aMessageShouldBeDisplayed(java.lang.String)
]]></system-out>
    <system-err><![CDATA[Starting ChromeDriver 110.0.5481.77 (65ed616c6e8ee3fe0ad64fe83796c020644d42af-refs/branch-heads/5481@{#839}) on port 55559
Only local connections are allowed.
Please see https://chromedriver.chromium.org/security-considerations for suggestions on keeping ChromeDriver safe.
ChromeDriver was started successfully.
[1676926651.718][WARNING]: virtual void DevToolsClientImpl::AddListener(DevToolsEventListener *) subscribing a listener to the already connected DevToolsClient. Connection notification will not arrive.
Feb 20, 2023 12:57:31 PM org.openqa.selenium.remote.ProtocolHandshake createSession
INFO: Detected upstream dialect: W3C
Feb 20, 2023 12:57:31 PM org.openqa.selenium.devtools.CdpVersionFinder findNearestMatch
WARNING: Unable to find an exact match for CDP version 110, so returning the closest version found: a no-op implementation
Feb 20, 2023 12:57:31 PM org.openqa.selenium.devtools.CdpVersionFinder findNearestMatch
INFO: Unable to find CDP implementation matching 110.
Feb 20, 2023 12:57:31 PM org.openqa.selenium.chromium.ChromiumDriver lambda$new$3
WARNING: Unable to find version of CDP to use for . You may need to include a dependency on a specific version of the CDP using something similar to `org.seleniumhq.selenium:selenium-devtools-v86:4.4.0` where the version ("v86") matches the version of the chromium-based browser you're using and the version number of the artifact is the same as Selenium's.
]]></system-err>
  </testcase>
  <testcase name="Verify User can remove Address from Account" classname="Retail Application Account Feature" time="3.675">
    <system-out><![CDATA[
@CompleteTest @RetailAccountFeatureCompleteTest @RetailAccountFeatureScenario8SmokeTest
Scenario: Verify User can remove Address from Account                    # features/RetailAccount.feature:79
 INFO [main] (RetailSteps.java:27)- User is on retail website
 INFO [main] (RetailSteps.java:28)- Actual title React App Equals Expected Ttile React App
  Given User is on retail website                                        # tek.sdet.framework.steps.RetailSteps.userIsOnRetailWebsite()
 INFO [main] (SignInSteps.java:22)- User clicked on Sign In option
  When User click on Sing in option                                      # tek.sdet.framework.steps.SignInSteps.userClickOnSingInOption()
 INFO [main] (SignInSteps.java:30)- User entered email luqmon.hakim@gmail.com and password Lukas002@
  And User enter email 'luqmon.hakim@gmail.com' and password 'Lukas002@' # tek.sdet.framework.steps.SignInSteps.userEnterEmailAndPassword(java.lang.String,java.lang.String)
 INFO [main] (SignInSteps.java:37)- User clicked on login button
  And User click on login button                                         # tek.sdet.framework.steps.SignInSteps.userClickOnLoginButton()
 INFO [main] (SignInSteps.java:44)- User logged in into Account
  And User should be logged in into Account                              # tek.sdet.framework.steps.SignInSteps.userShouldBeLoggedInIntoAccount()
 INFO [main] (RetailAccountSteps.java:24)- User clicked on Account option
  When User click on Account option                                      # tek.sdet.framework.steps.RetailAccountSteps.userClickOnAccountOption()
 INFO [main] (RetailAccountSteps.java:218)- User clicked on Remove button on the last address field
  And User click on remove option of Address section                     # tek.sdet.framework.steps.RetailAccountSteps.userClickOnRemoveOptionOfAddressSection()
 INFO [main] (RetailAccountSteps.java:234)- Address detail succesfully removed
  Then Address details should be removed                                 # tek.sdet.framework.steps.RetailAccountSteps.addressDetailsShouldBeRemoved()
]]></system-out>
    <system-err><![CDATA[Starting ChromeDriver 110.0.5481.77 (65ed616c6e8ee3fe0ad64fe83796c020644d42af-refs/branch-heads/5481@{#839}) on port 54756
Only local connections are allowed.
Please see https://chromedriver.chromium.org/security-considerations for suggestions on keeping ChromeDriver safe.
ChromeDriver was started successfully.
[1676926656.549][WARNING]: virtual void DevToolsClientImpl::AddListener(DevToolsEventListener *) subscribing a listener to the already connected DevToolsClient. Connection notification will not arrive.
Feb 20, 2023 12:57:36 PM org.openqa.selenium.remote.ProtocolHandshake createSession
INFO: Detected upstream dialect: W3C
Feb 20, 2023 12:57:36 PM org.openqa.selenium.devtools.CdpVersionFinder findNearestMatch
WARNING: Unable to find an exact match for CDP version 110, so returning the closest version found: a no-op implementation
Feb 20, 2023 12:57:36 PM org.openqa.selenium.devtools.CdpVersionFinder findNearestMatch
INFO: Unable to find CDP implementation matching 110.
Feb 20, 2023 12:57:36 PM org.openqa.selenium.chromium.ChromiumDriver lambda$new$3
WARNING: Unable to find version of CDP to use for . You may need to include a dependency on a specific version of the CDP using something similar to `org.seleniumhq.selenium:selenium-devtools-v86:4.4.0` where the version ("v86") matches the version of the chromium-based browser you're using and the version number of the artifact is the same as Selenium's.
]]></system-err>
  </testcase>
  <testcase name="Verify User can Update password #1" classname="Retail Application Account PAss Feature" time="4.499">
    <system-out><![CDATA[
@RetailAccountFeatureScenario2SmokeTest @RetailAccountFeatureCompleteTest
Scenario Outline: Verify User can Update password                        # features/RetailAccountUpdatePassword.feature:18
 INFO [main] (RetailSteps.java:27)- User is on retail website
 INFO [main] (RetailSteps.java:28)- Actual title React App Equals Expected Ttile React App
  Given User is on retail website                                        # tek.sdet.framework.steps.RetailSteps.userIsOnRetailWebsite()
 INFO [main] (SignInSteps.java:22)- User clicked on Sign In option
  When User click on Sing in option                                      # tek.sdet.framework.steps.SignInSteps.userClickOnSingInOption()
 INFO [main] (SignInSteps.java:30)- User entered email luqmon.hakim@gmail.com and password Lukas002@
  And User enter email 'luqmon.hakim@gmail.com' and password 'Lukas002@' # tek.sdet.framework.steps.SignInSteps.userEnterEmailAndPassword(java.lang.String,java.lang.String)
 INFO [main] (SignInSteps.java:37)- User clicked on login button
  And User click on login button                                         # tek.sdet.framework.steps.SignInSteps.userClickOnLoginButton()
 INFO [main] (SignInSteps.java:44)- User logged in into Account
  And User should be logged in into Account                              # tek.sdet.framework.steps.SignInSteps.userShouldBeLoggedInIntoAccount()
 INFO [main] (RetailAccountSteps.java:24)- User clicked on Account option
  When User click on Account option                                      # tek.sdet.framework.steps.RetailAccountSteps.userClickOnAccountOption()
 INFO [main] (RetailAccountSteps.java:58)- User entered old password 'Lukas002@' and new password 'Lukas001@' and confirm password 'Lukas001@
  And User enter below information                                       # tek.sdet.framework.steps.RetailAccountSteps.userEnterBelowInformation(io.cucumber.datatable.DataTable)
    | previousPassword | newPassword | confirmPassword |
    | Lukas002@        | Lukas001@   | Lukas001@       |
 INFO [main] (RetailAccountSteps.java:67)- User clicked on Change Password
  And User click on Change Password button                               # tek.sdet.framework.steps.RetailAccountSteps.userClickOnChangePasswordButton()
 INFO [main] (RetailAccountSteps.java:83)- Password Updated Successfully
  Then a message should be displayed 'Password Updated Successfully'     # tek.sdet.framework.steps.RetailAccountSteps.aMessageShouldBeDisplayed(java.lang.String)
]]></system-out>
    <system-err><![CDATA[Starting ChromeDriver 110.0.5481.77 (65ed616c6e8ee3fe0ad64fe83796c020644d42af-refs/branch-heads/5481@{#839}) on port 64981
Only local connections are allowed.
Please see https://chromedriver.chromium.org/security-considerations for suggestions on keeping ChromeDriver safe.
ChromeDriver was started successfully.
[1676926660.320][WARNING]: virtual void DevToolsClientImpl::AddListener(DevToolsEventListener *) subscribing a listener to the already connected DevToolsClient. Connection notification will not arrive.
Feb 20, 2023 12:57:40 PM org.openqa.selenium.remote.ProtocolHandshake createSession
INFO: Detected upstream dialect: W3C
Feb 20, 2023 12:57:40 PM org.openqa.selenium.devtools.CdpVersionFinder findNearestMatch
WARNING: Unable to find an exact match for CDP version 110, so returning the closest version found: a no-op implementation
Feb 20, 2023 12:57:40 PM org.openqa.selenium.devtools.CdpVersionFinder findNearestMatch
INFO: Unable to find CDP implementation matching 110.
Feb 20, 2023 12:57:40 PM org.openqa.selenium.chromium.ChromiumDriver lambda$new$3
WARNING: Unable to find version of CDP to use for . You may need to include a dependency on a specific version of the CDP using something similar to `org.seleniumhq.selenium:selenium-devtools-v86:4.4.0` where the version ("v86") matches the version of the chromium-based browser you're using and the version number of the artifact is the same as Selenium's.
]]></system-err>
  </testcase>
  <testcase name="Verify User can Update password #2" classname="Retail Application Account PAss Feature" time="4.152">
    <system-out><![CDATA[
@RetailAccountFeatureScenario2SmokeTest @RetailAccountFeatureCompleteTest
Scenario Outline: Verify User can Update password                        # features/RetailAccountUpdatePassword.feature:19
 INFO [main] (RetailSteps.java:27)- User is on retail website
 INFO [main] (RetailSteps.java:28)- Actual title React App Equals Expected Ttile React App
  Given User is on retail website                                        # tek.sdet.framework.steps.RetailSteps.userIsOnRetailWebsite()
 INFO [main] (SignInSteps.java:22)- User clicked on Sign In option
  When User click on Sing in option                                      # tek.sdet.framework.steps.SignInSteps.userClickOnSingInOption()
 INFO [main] (SignInSteps.java:30)- User entered email luqmon.hakim@gmail.com and password Lukas001@
  And User enter email 'luqmon.hakim@gmail.com' and password 'Lukas001@' # tek.sdet.framework.steps.SignInSteps.userEnterEmailAndPassword(java.lang.String,java.lang.String)
 INFO [main] (SignInSteps.java:37)- User clicked on login button
  And User click on login button                                         # tek.sdet.framework.steps.SignInSteps.userClickOnLoginButton()
 INFO [main] (SignInSteps.java:44)- User logged in into Account
  And User should be logged in into Account                              # tek.sdet.framework.steps.SignInSteps.userShouldBeLoggedInIntoAccount()
 INFO [main] (RetailAccountSteps.java:24)- User clicked on Account option
  When User click on Account option                                      # tek.sdet.framework.steps.RetailAccountSteps.userClickOnAccountOption()
 INFO [main] (RetailAccountSteps.java:58)- User entered old password 'Lukas001@' and new password 'Lukas002@' and confirm password 'Lukas002@
  And User enter below information                                       # tek.sdet.framework.steps.RetailAccountSteps.userEnterBelowInformation(io.cucumber.datatable.DataTable)
    | previousPassword | newPassword | confirmPassword |
    | Lukas001@        | Lukas002@   | Lukas002@       |
 INFO [main] (RetailAccountSteps.java:67)- User clicked on Change Password
  And User click on Change Password button                               # tek.sdet.framework.steps.RetailAccountSteps.userClickOnChangePasswordButton()
 INFO [main] (RetailAccountSteps.java:83)- Password Updated Successfully
  Then a message should be displayed 'Password Updated Successfully'     # tek.sdet.framework.steps.RetailAccountSteps.aMessageShouldBeDisplayed(java.lang.String)
]]></system-out>
    <system-err><![CDATA[Starting ChromeDriver 110.0.5481.77 (65ed616c6e8ee3fe0ad64fe83796c020644d42af-refs/branch-heads/5481@{#839}) on port 49266
Only local connections are allowed.
Please see https://chromedriver.chromium.org/security-considerations for suggestions on keeping ChromeDriver safe.
ChromeDriver was started successfully.
[1676926664.727][WARNING]: virtual void DevToolsClientImpl::AddListener(DevToolsEventListener *) subscribing a listener to the already connected DevToolsClient. Connection notification will not arrive.
Feb 20, 2023 12:57:44 PM org.openqa.selenium.remote.ProtocolHandshake createSession
INFO: Detected upstream dialect: W3C
Feb 20, 2023 12:57:44 PM org.openqa.selenium.devtools.CdpVersionFinder findNearestMatch
WARNING: Unable to find an exact match for CDP version 110, so returning the closest version found: a no-op implementation
Feb 20, 2023 12:57:44 PM org.openqa.selenium.devtools.CdpVersionFinder findNearestMatch
INFO: Unable to find CDP implementation matching 110.
Feb 20, 2023 12:57:44 PM org.openqa.selenium.chromium.ChromiumDriver lambda$new$3
WARNING: Unable to find version of CDP to use for . You may need to include a dependency on a specific version of the CDP using something similar to `org.seleniumhq.selenium:selenium-devtools-v86:4.4.0` where the version ("v86") matches the version of the chromium-based browser you're using and the version number of the artifact is the same as Selenium's.
]]></system-err>
  </testcase>
</testsuite>